==================================================================
2021/06/07_16:22:37:594
processName:mspdbsrv
PID:  15728
PPID: 15684
csID: 1
==================================================================
==================================================================
2021/06/07_16:22:37:652
processName:msbuild
PID:  9352
PPID: 15588
csID: 2
==================================================================
==================================================================
2021/06/07_16:22:38:30
processName:conhost
PID:  9224
PPID: 14528
csID: 3
==================================================================
==================================================================
2021/06/07_16:22:38:50
processName:Tracker
PID:  14528
PPID: 9352
csID: 4
==================================================================
==================================================================
2021/06/07_16:22:38:77
processName:CL
PID:  10468
PPID: 14528
csID: 5
==================================================================
==================================================================
2021/06/07_16:22:38:314
processName:conhost
PID:  6584
PPID: 8624
csID: 6
==================================================================
==================================================================
2021/06/07_16:22:38:335
processName:Tracker
PID:  8624
PPID: 9352
csID: 7
==================================================================
==================================================================
2021/06/07_16:22:38:361
processName:link
PID:  10924
PPID: 8624
csID: 8
==================================================================
==================================================================
2021/06/07_16:22:38:406
processName:rc
PID:  1100
PPID: 10924
csID: 9
==================================================================
==================================================================
2021/06/07_16:22:38:446
processName:cvtres
PID:  12232
PPID: 10924
csID: 10
==================================================================
