빌드 시작: 2021-01-11 오후 6:51:08
로깅의 세부 정보 표시가 Normal(으)로 설정되었습니다.     1>2 노드의 "C:\Users\jhka\Desktop\COVERSE_Automation\sample\CPP_2019_32\VS2019_CPP_3.vcxproj" 프로젝트(Rebuild 대상)입니다.
     1>InitializeBuildStatus:
         "AlwaysCreate"이(가) 지정되었기 때문에 "Debug\VS2019_CPP_3.tlog\unsuccessfulbuild"을(를) 만들고 있습니다.
       ClCompile:
         C:\QualityScroll-Cover-SE\wrapper\vs2019_32\CL.exe /c /ZI /JMC /nologo /W3 /WX- /diagnostics:column /sdl /Od /Oy- /D WIN32 /D _DEBUG /D _CONSOLE /D _UNICODE /D UNICODE /Gm- /EHsc /RTC1 /MDd /GS /fp:precise /permissive- /Zc:wchar_t /Zc:forScope /Zc:inline /Fo"Debug\\" /Fd"Debug\vc142.pdb" /Gd /TP /analyze- /FC /errorReport:prompt cppPrimer.cpp
         cppPrimer.cpp
         [COVER] Creating translation hash...
         [COVER] Analyzing source files...
         [COVER] Compiling probed source files...
         7c273b24-7e17-4eb0-b6ed-52ab4541d86a.cpp
       Link:
         C:\QualityScroll-Cover-SE\wrapper\vs2019_32\link.exe /ERRORREPORT:PROMPT /OUT:"C:\Users\jhka\Desktop\COVERSE_Automation\sample\CPP_2019_32\Debug\VS2019_CPP_3.exe" /INCREMENTAL /NOLOGO kernel32.lib user32.lib gdi32.lib winspool.lib comdlg32.lib advapi32.lib shell32.lib ole32.lib oleaut32.lib uuid.lib odbc32.lib odbccp32.lib /MANIFEST /MANIFESTUAC:"level='asInvoker' uiAccess='false'" /manifest:embed /DEBUG:FASTLINK /PDB:"C:\Users\jhka\Desktop\COVERSE_Automation\sample\CPP_2019_32\Debug\VS2019_CPP_3.pdb" /SUBSYSTEM:CONSOLE /TLBID:1 /DYNAMICBASE /NXCOMPAT /IMPLIB:"C:\Users\jhka\Desktop\COVERSE_Automation\sample\CPP_2019_32\Debug\VS2019_CPP_3.lib" /MACHINE:X86 Debug\cppPrimer.obj
         cvgc_E94D2ABA.cpp
         libcstm_E94D2ABA.c
         VS2019_CPP_3.vcxproj -> C:\Users\jhka\Desktop\COVERSE_Automation\sample\CPP_2019_32\Debug\VS2019_CPP_3.exe
       FinalizeBuildStatus:
         "Debug\VS2019_CPP_3.tlog\unsuccessfulbuild" 파일을 삭제하고 있습니다.
         "Debug\VS2019_CPP_3.tlog\VS2019_CPP_3.lastbuildstate"에 연결(touching)하고 있습니다.
     1>"C:\Users\jhka\Desktop\COVERSE_Automation\sample\CPP_2019_32\VS2019_CPP_3.vcxproj" 프로젝트를 빌드했습니다(Rebuild 대상).

빌드했습니다.
    경고 0개
    오류 0개

경과 시간: 00:00:15.77
