(25024)(    1)ME: C:\Windows\system32\conhost.exe
(25024)(    1) + HOME: C:\Users\nryun\AppData\Local\Suresofttech\STATIC Toolbox\apps\STATIC Client for C, C++ v1.2.0\
(25024)(    1) + WORKING: D:\VPES_GIT\vpes_git\miro_vs2015\.staticdata
(25024) + IGNORE: msbuild xxxxx // INTEREST: cl gcc cc g++ ar link ld xxx xc8 cpp cpstm8 castm8 clnk tricore-gcc tricore-g++ ctoa etoa ecomppc elxr
(25024)(    1) + Ignored EXENAME: conhost
(18680)(    2)ME: C:\Windows\system32\cmd.exe
(18680)(    2) + HOME: C:\Users\nryun\AppData\Local\Suresofttech\STATIC Toolbox\apps\STATIC Client for C, C++ v1.2.0\
(18680)(    2) + WORKING: D:\VPES_GIT\vpes_git\miro_vs2015\.staticdata
(18680) + IGNORE: msbuild xxxxx // INTEREST: cl gcc cc g++ ar link ld xxx xc8 cpp cpstm8 castm8 clnk tricore-gcc tricore-g++ ctoa etoa ecomppc elxr
(18680)(    2) + Ignored EXENAME: cmd
(26972)(    3)ME: C:\Windows\system32\chcp.com
(26972)(    3) + HOME: C:\Users\nryun\AppData\Local\Suresofttech\STATIC Toolbox\apps\STATIC Client for C, C++ v1.2.0\
(26972)(    3) + WORKING: D:\VPES_GIT\vpes_git\miro_vs2015\.staticdata
(26972) + IGNORE: msbuild xxxxx // INTEREST: cl gcc cc g++ ar link ld xxx xc8 cpp cpstm8 castm8 clnk tricore-gcc tricore-g++ ctoa etoa ecomppc elxr
(26972)(    3) + Ignored EXENAME: chcp
(21568)(    4)ME: C:\Program Files (x86)\MSBuild\14.0\bin\MSBuild.exe
(21568)(    4) + HOME: C:\Users\nryun\AppData\Local\Suresofttech\STATIC Toolbox\apps\STATIC Client for C, C++ v1.2.0\
(21568)(    4) + WORKING: D:\VPES_GIT\vpes_git\miro_vs2015\.staticdata
(21568) + IGNORE: msbuild xxxxx // INTEREST: cl gcc cc g++ ar link ld xxx xc8 cpp cpstm8 castm8 clnk tricore-gcc tricore-g++ ctoa etoa ecomppc elxr
(21568)(    4)ME: C:\Program Files (x86)\MSBuild\14.0\bin\MSBuild.exe
(21568)(    4) + HOME: C:\Users\nryun\AppData\Local\Suresofttech\STATIC Toolbox\apps\STATIC Client for C, C++ v1.2.0\
(21568)(    4) + WORKING: D:\VPES_GIT\vpes_git\miro_vs2015\.staticdata
(21568) + IGNORE: msbuild xxxxx // INTEREST: cl gcc cc g++ ar link ld xxx xc8 cpp cpstm8 castm8 clnk tricore-gcc tricore-g++ ctoa etoa ecomppc elxr
(21336)(    5)ME: C:\Windows\Microsoft.NET\Framework\v4.0.30319\csc.exe
(21336)(    5) + HOME: C:\Users\nryun\AppData\Local\Suresofttech\STATIC Toolbox\apps\STATIC Client for C, C++ v1.2.0\
(21336)(    5) + WORKING: D:\VPES_GIT\vpes_git\miro_vs2015\.staticdata
(21336) + IGNORE: msbuild xxxxx // INTEREST: cl gcc cc g++ ar link ld xxx xc8 cpp cpstm8 castm8 clnk tricore-gcc tricore-g++ ctoa etoa ecomppc elxr
(21336)(    5) + Ignored EXENAME: csc
( 8304)(    6)ME: C:\Windows\Microsoft.NET\Framework\v4.0.30319\cvtres.exe
( 8304)(    6) + HOME: C:\Users\nryun\AppData\Local\Suresofttech\STATIC Toolbox\apps\STATIC Client for C, C++ v1.2.0\
( 8304)(    6) + WORKING: D:\VPES_GIT\vpes_git\miro_vs2015\.staticdata
( 8304) + IGNORE: msbuild xxxxx // INTEREST: cl gcc cc g++ ar link ld xxx xc8 cpp cpstm8 castm8 clnk tricore-gcc tricore-g++ ctoa etoa ecomppc elxr
( 8304)(    6) + Ignored EXENAME: cvtres
( 8304)(    6)ME: C:\Windows\Microsoft.NET\Framework\v4.0.30319\cvtres.exe
( 8304)(    6) + HOME: C:\Users\nryun\AppData\Local\Suresofttech\STATIC Toolbox\apps\STATIC Client for C, C++ v1.2.0\
( 8304)(    6) + WORKING: D:\VPES_GIT\vpes_git\miro_vs2015\.staticdata
( 8304) + IGNORE: msbuild xxxxx // INTEREST: cl gcc cc g++ ar link ld xxx xc8 cpp cpstm8 castm8 clnk tricore-gcc tricore-g++ ctoa etoa ecomppc elxr
(21336)(    5)ME: C:\Windows\Microsoft.NET\Framework\v4.0.30319\csc.exe
(21336)(    5) + HOME: C:\Users\nryun\AppData\Local\Suresofttech\STATIC Toolbox\apps\STATIC Client for C, C++ v1.2.0\
(21336)(    5) + WORKING: D:\VPES_GIT\vpes_git\miro_vs2015\.staticdata
(21336) + IGNORE: msbuild xxxxx // INTEREST: cl gcc cc g++ ar link ld xxx xc8 cpp cpstm8 castm8 clnk tricore-gcc tricore-g++ ctoa etoa ecomppc elxr
( 8324)(    7)ME: C:\Windows\system32\conhost.exe
( 8324)(    7) + HOME: C:\Users\nryun\AppData\Local\Suresofttech\STATIC Toolbox\apps\STATIC Client for C, C++ v1.2.0\
( 8324)(    7) + WORKING: D:\VPES_GIT\vpes_git\miro_vs2015\.staticdata
( 8324) + IGNORE: msbuild xxxxx // INTEREST: cl gcc cc g++ ar link ld xxx xc8 cpp cpstm8 castm8 clnk tricore-gcc tricore-g++ ctoa etoa ecomppc elxr
( 8324)(    7) + Ignored EXENAME: conhost
(23332)(    8)ME: C:\Program Files (x86)\MSBuild\14.0\bin\Tracker.exe
(23332)(    8) + HOME: C:\Users\nryun\AppData\Local\Suresofttech\STATIC Toolbox\apps\STATIC Client for C, C++ v1.2.0\
(23332)(    8) + WORKING: D:\VPES_GIT\vpes_git\miro_vs2015\.staticdata
(23332) + IGNORE: msbuild xxxxx // INTEREST: cl gcc cc g++ ar link ld xxx xc8 cpp cpstm8 castm8 clnk tricore-gcc tricore-g++ ctoa etoa ecomppc elxr
(23332)(    8) + Ignored EXENAME: tracker
(27424)(   10)ME: C:\Program Files (x86)\Microsoft Visual Studio 14.0\VC\bin\mspdbsrv.exe
(27424)(   10) + HOME: C:\Users\nryun\AppData\Local\Suresofttech\STATIC Toolbox\apps\STATIC Client for C, C++ v1.2.0\
(27424)(   10) + WORKING: D:\VPES_GIT\vpes_git\miro_vs2015\.staticdata
(27424) + IGNORE: msbuild xxxxx // INTEREST: cl gcc cc g++ ar link ld xxx xc8 cpp cpstm8 castm8 clnk tricore-gcc tricore-g++ ctoa etoa ecomppc elxr
(27424)(   10) + Ignored EXENAME: mspdbsrv
( 6160)(    9)ME: C:\Program Files (x86)\Microsoft Visual Studio 14.0\VC\bin\x86_amd64\CL.exe
( 6160)(    9) + HOME: C:\Users\nryun\AppData\Local\Suresofttech\STATIC Toolbox\apps\STATIC Client for C, C++ v1.2.0\
( 6160)(    9) + WORKING: D:\VPES_GIT\vpes_git\miro_vs2015\.staticdata
( 6160) + IGNORE: msbuild xxxxx // INTEREST: cl gcc cc g++ ar link ld xxx xc8 cpp cpstm8 castm8 clnk tricore-gcc tricore-g++ ctoa etoa ecomppc elxr
( 6160)(    9)ME: C:\Program Files (x86)\Microsoft Visual Studio 14.0\VC\bin\x86_amd64\CL.exe
( 6160)(    9) + HOME: C:\Users\nryun\AppData\Local\Suresofttech\STATIC Toolbox\apps\STATIC Client for C, C++ v1.2.0\
( 6160)(    9) + WORKING: D:\VPES_GIT\vpes_git\miro_vs2015\.staticdata
( 6160) + IGNORE: msbuild xxxxx // INTEREST: cl gcc cc g++ ar link ld xxx xc8 cpp cpstm8 castm8 clnk tricore-gcc tricore-g++ ctoa etoa ecomppc elxr
(23332)(    8)ME: C:\Program Files (x86)\MSBuild\14.0\bin\Tracker.exe
(23332)(    8) + HOME: C:\Users\nryun\AppData\Local\Suresofttech\STATIC Toolbox\apps\STATIC Client for C, C++ v1.2.0\
(23332)(    8) + WORKING: D:\VPES_GIT\vpes_git\miro_vs2015\.staticdata
(23332) + IGNORE: msbuild xxxxx // INTEREST: cl gcc cc g++ ar link ld xxx xc8 cpp cpstm8 castm8 clnk tricore-gcc tricore-g++ ctoa etoa ecomppc elxr
(21808)(   11)ME: C:\Windows\system32\conhost.exe
(21808)(   11) + HOME: C:\Users\nryun\AppData\Local\Suresofttech\STATIC Toolbox\apps\STATIC Client for C, C++ v1.2.0\
(21808)(   11) + WORKING: D:\VPES_GIT\vpes_git\miro_vs2015\.staticdata
(21808) + IGNORE: msbuild xxxxx // INTEREST: cl gcc cc g++ ar link ld xxx xc8 cpp cpstm8 castm8 clnk tricore-gcc tricore-g++ ctoa etoa ecomppc elxr
(21808)(   11) + Ignored EXENAME: conhost
( 5628)(   12)ME: C:\Program Files (x86)\MSBuild\14.0\bin\Tracker.exe
( 5628)(   12) + HOME: C:\Users\nryun\AppData\Local\Suresofttech\STATIC Toolbox\apps\STATIC Client for C, C++ v1.2.0\
( 5628)(   12) + WORKING: D:\VPES_GIT\vpes_git\miro_vs2015\.staticdata
( 5628) + IGNORE: msbuild xxxxx // INTEREST: cl gcc cc g++ ar link ld xxx xc8 cpp cpstm8 castm8 clnk tricore-gcc tricore-g++ ctoa etoa ecomppc elxr
( 5628)(   12) + Ignored EXENAME: tracker
(24340)(   14)ME: C:\Program Files (x86)\Windows Kits\8.1\bin\x86\rc.exe
(24340)(   14) + HOME: C:\Users\nryun\AppData\Local\Suresofttech\STATIC Toolbox\apps\STATIC Client for C, C++ v1.2.0\
(24340)(   14) + WORKING: D:\VPES_GIT\vpes_git\miro_vs2015\.staticdata
(24340) + IGNORE: msbuild xxxxx // INTEREST: cl gcc cc g++ ar link ld xxx xc8 cpp cpstm8 castm8 clnk tricore-gcc tricore-g++ ctoa etoa ecomppc elxr
(24340)(   14) + Ignored EXENAME: rc
(24340)(   14)ME: C:\Program Files (x86)\Windows Kits\8.1\bin\x86\rc.exe
(24340)(   14) + HOME: C:\Users\nryun\AppData\Local\Suresofttech\STATIC Toolbox\apps\STATIC Client for C, C++ v1.2.0\
(24340)(   14) + WORKING: D:\VPES_GIT\vpes_git\miro_vs2015\.staticdata
(24340) + IGNORE: msbuild xxxxx // INTEREST: cl gcc cc g++ ar link ld xxx xc8 cpp cpstm8 castm8 clnk tricore-gcc tricore-g++ ctoa etoa ecomppc elxr
(24736)(   15)ME: C:\Program Files (x86)\Microsoft Visual Studio 14.0\VC\bin\cvtres.exe
(24736)(   15) + HOME: C:\Users\nryun\AppData\Local\Suresofttech\STATIC Toolbox\apps\STATIC Client for C, C++ v1.2.0\
(24736)(   15) + WORKING: D:\VPES_GIT\vpes_git\miro_vs2015\.staticdata
(24736) + IGNORE: msbuild xxxxx // INTEREST: cl gcc cc g++ ar link ld xxx xc8 cpp cpstm8 castm8 clnk tricore-gcc tricore-g++ ctoa etoa ecomppc elxr
(24736)(   15) + Ignored EXENAME: cvtres
(24736)(   15)ME: C:\Program Files (x86)\Microsoft Visual Studio 14.0\VC\bin\cvtres.exe
(24736)(   15) + HOME: C:\Users\nryun\AppData\Local\Suresofttech\STATIC Toolbox\apps\STATIC Client for C, C++ v1.2.0\
(24736)(   15) + WORKING: D:\VPES_GIT\vpes_git\miro_vs2015\.staticdata
(24736) + IGNORE: msbuild xxxxx // INTEREST: cl gcc cc g++ ar link ld xxx xc8 cpp cpstm8 castm8 clnk tricore-gcc tricore-g++ ctoa etoa ecomppc elxr
( 8176)(   16)ME: C:\Program Files (x86)\Microsoft Visual Studio 14.0\VC\bin\x86_amd64\VCTIP.EXE
( 8176)(   16) + HOME: C:\Users\nryun\AppData\Local\Suresofttech\STATIC Toolbox\apps\STATIC Client for C, C++ v1.2.0\
( 8176)(   16) + WORKING: D:\VPES_GIT\vpes_git\miro_vs2015\.staticdata
( 8176) + IGNORE: msbuild xxxxx // INTEREST: cl gcc cc g++ ar link ld xxx xc8 cpp cpstm8 castm8 clnk tricore-gcc tricore-g++ ctoa etoa ecomppc elxr
( 8176)(   16) + Ignored EXENAME: vctip
(22124)(   13)ME: C:\Program Files (x86)\Microsoft Visual Studio 14.0\VC\bin\x86_amd64\link.exe
(22124)(   13) + HOME: C:\Users\nryun\AppData\Local\Suresofttech\STATIC Toolbox\apps\STATIC Client for C, C++ v1.2.0\
(22124)(   13) + WORKING: D:\VPES_GIT\vpes_git\miro_vs2015\.staticdata
(22124) + IGNORE: msbuild xxxxx // INTEREST: cl gcc cc g++ ar link ld xxx xc8 cpp cpstm8 castm8 clnk tricore-gcc tricore-g++ ctoa etoa ecomppc elxr
(22124)(   13)ME: C:\Program Files (x86)\Microsoft Visual Studio 14.0\VC\bin\x86_amd64\link.exe
(22124)(   13) + HOME: C:\Users\nryun\AppData\Local\Suresofttech\STATIC Toolbox\apps\STATIC Client for C, C++ v1.2.0\
(22124)(   13) + WORKING: D:\VPES_GIT\vpes_git\miro_vs2015\.staticdata
(22124) + IGNORE: msbuild xxxxx // INTEREST: cl gcc cc g++ ar link ld xxx xc8 cpp cpstm8 castm8 clnk tricore-gcc tricore-g++ ctoa etoa ecomppc elxr
( 5628)(   12)ME: C:\Program Files (x86)\MSBuild\14.0\bin\Tracker.exe
( 5628)(   12) + HOME: C:\Users\nryun\AppData\Local\Suresofttech\STATIC Toolbox\apps\STATIC Client for C, C++ v1.2.0\
( 5628)(   12) + WORKING: D:\VPES_GIT\vpes_git\miro_vs2015\.staticdata
( 5628) + IGNORE: msbuild xxxxx // INTEREST: cl gcc cc g++ ar link ld xxx xc8 cpp cpstm8 castm8 clnk tricore-gcc tricore-g++ ctoa etoa ecomppc elxr
(22860)(   17)ME: C:\Windows\system32\chcp.com
(22860)(   17) + HOME: C:\Users\nryun\AppData\Local\Suresofttech\STATIC Toolbox\apps\STATIC Client for C, C++ v1.2.0\
(22860)(   17) + WORKING: D:\VPES_GIT\vpes_git\miro_vs2015\.staticdata
(22860) + IGNORE: msbuild xxxxx // INTEREST: cl gcc cc g++ ar link ld xxx xc8 cpp cpstm8 castm8 clnk tricore-gcc tricore-g++ ctoa etoa ecomppc elxr
(22860)(   17) + Ignored EXENAME: chcp
( 8176)(   16)ME: C:\Program Files (x86)\Microsoft Visual Studio 14.0\VC\bin\x86_amd64\VCTIP.EXE
( 8176)(   16) + HOME: C:\Users\nryun\AppData\Local\Suresofttech\STATIC Toolbox\apps\STATIC Client for C, C++ v1.2.0\
( 8176)(   16) + WORKING: D:\VPES_GIT\vpes_git\miro_vs2015\.staticdata
( 8176) + IGNORE: msbuild xxxxx // INTEREST: cl gcc cc g++ ar link ld xxx xc8 cpp cpstm8 castm8 clnk tricore-gcc tricore-g++ ctoa etoa ecomppc elxr
(27424)(   10)ME: C:\Program Files (x86)\Microsoft Visual Studio 14.0\VC\bin\mspdbsrv.exe
(27424)(   10) + HOME: C:\Users\nryun\AppData\Local\Suresofttech\STATIC Toolbox\apps\STATIC Client for C, C++ v1.2.0\
(27424)(   10) + WORKING: D:\VPES_GIT\vpes_git\miro_vs2015\.staticdata
(27424) + IGNORE: msbuild xxxxx // INTEREST: cl gcc cc g++ ar link ld xxx xc8 cpp cpstm8 castm8 clnk tricore-gcc tricore-g++ ctoa etoa ecomppc elxr
