==================================================================
2023/07/03_15:16:52:344
processName:conhost
PID:  25024
PPID: 18680
csID: 1
==================================================================
==================================================================
2023/07/03_15:16:52:367
processName:cmd
PID:  18680
PPID: 22764
csID: 2
==================================================================
==================================================================
2023/07/03_15:16:52:396
processName:chcp
PID:  26972
PPID: 18680
csID: 3
==================================================================
==================================================================
2023/07/03_15:16:52:486
processName:MSBuild
PID:  21568
PPID: 18680
csID: 4
==================================================================
==================================================================
2023/07/03_15:16:53:59
processName:csc
PID:  21336
PPID: 21568
csID: 5
==================================================================
==================================================================
2023/07/03_15:16:53:113
processName:cvtres
PID:  8304
PPID: 21336
csID: 6
==================================================================
==================================================================
2023/07/03_15:16:53:191
processName:conhost
PID:  8324
PPID: 23332
csID: 7
==================================================================
==================================================================
2023/07/03_15:16:53:212
processName:Tracker
PID:  23332
PPID: 21568
csID: 8
==================================================================
==================================================================
2023/07/03_15:16:53:252
processName:CL
PID:  6160
PPID: 23332
csID: 9
==================================================================
==================================================================
2023/07/03_15:16:53:297
processName:mspdbsrv
PID:  27424
PPID: 6160
csID: 10
==================================================================
==================================================================
2023/07/03_15:16:53:770
processName:conhost
PID:  21808
PPID: 5628
csID: 11
==================================================================
==================================================================
2023/07/03_15:16:53:791
processName:Tracker
PID:  5628
PPID: 21568
csID: 12
==================================================================
==================================================================
2023/07/03_15:16:53:828
processName:link
PID:  22124
PPID: 5628
csID: 13
==================================================================
==================================================================
2023/07/03_15:16:53:896
processName:rc
PID:  24340
PPID: 22124
csID: 14
==================================================================
==================================================================
2023/07/03_15:16:53:931
processName:cvtres
PID:  24736
PPID: 22124
csID: 15
==================================================================
==================================================================
2023/07/03_15:16:54:83
processName:VCTIP
PID:  8176
PPID: 22124
csID: 16
==================================================================
==================================================================
2023/07/03_15:16:54:131
processName:chcp
PID:  22860
PPID: 18680
csID: 17
==================================================================
