d:\vpes_git\vpes_git\miro_vs2015\.staticdata\wtrace.csid.log
d:\vpes_git\vpes_git\miro_vs2015\.staticdata\wtrace.log
d:\vpes_git\vpes_git\miro_vs2015\.staticdata\wtrace.cl.9
d:\vpes_git\vpes_git\miro_vs2015\x64\debug\vc140.pdb
d:\vpes_git\vpes_git\miro_vs2015\x64\debug\vc140.idb
d:\vpes_git\vpes_git\miro_vs2015\x64\debug\miro_fun.obj
d:\vpes_git\vpes_git\miro_vs2015\x64\debug\miro_fun2.obj
d:\vpes_git\vpes_git\miro_vs2015\x64\debug\qs_fun.obj
d:\vpes_git\vpes_git\miro_vs2015\x64\debug\q_s.obj
d:\vpes_git\vpes_git\miro_vs2015\.staticdata\wtrace.error.log
c:\users\nryun\appdata\local\microsoft\applicationinsights\vstelaif-312cbd79-9dbb-4c48-a7da-3cc2a931cb70\20230703064824_21f72bd0c7854c38ba5afb8a85bd1239.trn
c:\users\nryun\appdata\local\microsoft\applicationinsights\vstelaif-312cbd79-9dbb-4c48-a7da-3cc2a931cb70\20230703063225_8f5fd28114104508842a1b1db5161109.trn
c:\users\nryun\appdata\local\microsoft\applicationinsights\vstelaif-312cbd79-9dbb-4c48-a7da-3cc2a931cb70\20230703063655_4a0e280aef20476389f7791beda517a3.trn
c:\users\nryun\appdata\local\microsoft\applicationinsights\vstelaif-312cbd79-9dbb-4c48-a7da-3cc2a931cb70\20230703064155_2e6ce21af04a4343ba89116a7c5394aa.trn
c:\users\nryun\appdata\local\microsoft\applicationinsights\vstelaif-312cbd79-9dbb-4c48-a7da-3cc2a931cb70\20230703064655_88f176f7144b40dfb1d5c00f15642d88.trn
d:\vpes_git\vpes_git\miro_vs2015\.staticdata\wtrace.link.13
d:\vpes_git\vpes_git\miro_vs2015\x64\debug\vs2015_miro.ilk
d:\vpes_git\vpes_git\miro_vs2015\x64\debug\vs2015_miro.exe
d:\vpes_git\vpes_git\miro_vs2015\x64\debug\vs2015_miro.pdb
d:\vpes_git\git\vpes_autumation\miro_vs2015\x64\debug\miro_fun.obj
d:\vpes_git\git\vpes_autumation\miro_vs2015\x64\debug\miro_fun2.obj
d:\vpes_git\git\vpes_autumation\miro_vs2015\x64\debug\qs_fun.obj
d:\vpes_git\git\vpes_autumation\miro_vs2015\x64\debug\q_s.obj
d:\vpes_git\git\vpes_autumation\miro_vs2015\x64\debug\vs2015_miro.ilk
d:\vpes_git\git\vpes_autumation\miro_vs2015\x64\debug\vc140.idb
d:\vpes_git\git\vpes_autumation\miro_vs2015\x64\debug\vc140.pdb
d:\vpes_git\git\vpes_autumation\miro_vs2015\x64\debug\vs2015_miro.pdb
d:\vpes_git\git\vpes_autumation\miro_vs2015\x64\debug\vs2015_miro.exe
d:\vpes_git\git\vpes_autumation\miro_vs2015\x64\debug\vs2015_miro.tlog\cl.command.1.tlog
d:\vpes_git\git\vpes_autumation\miro_vs2015\x64\debug\vs2015_miro.tlog\cl.read.1.tlog
d:\vpes_git\git\vpes_autumation\miro_vs2015\x64\debug\vs2015_miro.tlog\cl.write.1.tlog
d:\vpes_git\git\vpes_autumation\miro_vs2015\x64\debug\vs2015_miro.tlog\link-vctip.delete.1.tlog
d:\vpes_git\git\vpes_autumation\miro_vs2015\x64\debug\vs2015_miro.tlog\link-vctip.delete.27.tlog
d:\vpes_git\git\vpes_autumation\miro_vs2015\x64\debug\vs2015_miro.tlog\link-vctip.delete.60.tlog
d:\vpes_git\git\vpes_autumation\miro_vs2015\x64\debug\vs2015_miro.tlog\link-vctip.delete.80.tlog
d:\vpes_git\git\vpes_autumation\miro_vs2015\x64\debug\vs2015_miro.tlog\link-vctip.delete.97.tlog
d:\vpes_git\git\vpes_autumation\miro_vs2015\x64\debug\vs2015_miro.tlog\link-vctip.read.1.tlog
d:\vpes_git\git\vpes_autumation\miro_vs2015\x64\debug\vs2015_miro.tlog\link-vctip.read.12.tlog
d:\vpes_git\git\vpes_autumation\miro_vs2015\x64\debug\vs2015_miro.tlog\link-vctip.read.14.tlog
d:\vpes_git\git\vpes_autumation\miro_vs2015\x64\debug\vs2015_miro.tlog\link-vctip.read.16.tlog
d:\vpes_git\git\vpes_autumation\miro_vs2015\x64\debug\vs2015_miro.tlog\link-vctip.read.18.tlog
d:\vpes_git\git\vpes_autumation\miro_vs2015\x64\debug\vs2015_miro.tlog\link-vctip.read.22.tlog
d:\vpes_git\git\vpes_autumation\miro_vs2015\x64\debug\vs2015_miro.tlog\link-vctip.read.24.tlog
d:\vpes_git\git\vpes_autumation\miro_vs2015\x64\debug\vs2015_miro.tlog\link-vctip.read.27.tlog
d:\vpes_git\git\vpes_autumation\miro_vs2015\x64\debug\vs2015_miro.tlog\link-vctip.read.28.tlog
d:\vpes_git\git\vpes_autumation\miro_vs2015\x64\debug\vs2015_miro.tlog\link-vctip.read.29.tlog
d:\vpes_git\git\vpes_autumation\miro_vs2015\x64\debug\vs2015_miro.tlog\link-vctip.read.30.tlog
d:\vpes_git\git\vpes_autumation\miro_vs2015\x64\debug\vs2015_miro.tlog\link-vctip.read.5.tlog
d:\vpes_git\git\vpes_autumation\miro_vs2015\x64\debug\vs2015_miro.tlog\link-vctip.read.60.tlog
d:\vpes_git\git\vpes_autumation\miro_vs2015\x64\debug\vs2015_miro.tlog\link-vctip.read.80.tlog
d:\vpes_git\git\vpes_autumation\miro_vs2015\x64\debug\vs2015_miro.tlog\link-vctip.read.97.tlog
d:\vpes_git\git\vpes_autumation\miro_vs2015\x64\debug\vs2015_miro.tlog\link-vctip.write.1.tlog
d:\vpes_git\git\vpes_autumation\miro_vs2015\x64\debug\vs2015_miro.tlog\link-vctip.write.27.tlog
d:\vpes_git\git\vpes_autumation\miro_vs2015\x64\debug\vs2015_miro.tlog\link-vctip.write.5.tlog
d:\vpes_git\git\vpes_autumation\miro_vs2015\x64\debug\vs2015_miro.tlog\link-vctip.write.60.tlog
d:\vpes_git\git\vpes_autumation\miro_vs2015\x64\debug\vs2015_miro.tlog\link-vctip.write.80.tlog
d:\vpes_git\git\vpes_autumation\miro_vs2015\x64\debug\vs2015_miro.tlog\link-vctip.write.97.tlog
d:\vpes_git\git\vpes_autumation\miro_vs2015\x64\debug\vs2015_miro.tlog\link.command.1.tlog
d:\vpes_git\git\vpes_autumation\miro_vs2015\x64\debug\vs2015_miro.tlog\link.read.1.tlog
d:\vpes_git\git\vpes_autumation\miro_vs2015\x64\debug\vs2015_miro.tlog\link.write.1.tlog
