C:\USERS\QATEAM-3\DESKTOP\ADDRESS_MANAGER\ADDRESS_MANAGER\DEBUG\ADDRESS_MANAGER.EXE.EMBED.MANIFEST
C:\USERS\QATEAM-3\DESKTOP\ADDRESS_MANAGER\ADDRESS_MANAGER\DEBUG\ADDRESS_MANAGER.EXE.EMBED.MANIFEST.RES
C:\USERS\QATEAM-3\DESKTOP\ADDRESS_MANAGER\ADDRESS_MANAGER\DEBUG\ADDRESS_MANAGER.EXE.INTERMEDIATE.MANIFEST
C:\USERS\QATEAM-3\DESKTOP\ADDRESS_MANAGER\ADDRESS_MANAGER\DEBUG\VC100.PDB
C:\USERS\QATEAM-3\DESKTOP\ADDRESS_MANAGER\DEBUG\ADDRESS_MANAGER.EXE
C:\Users\QATEAM-3\Desktop\address_manager\Debug\address_manager.exp
C:\USERS\QATEAM-3\DESKTOP\ADDRESS_MANAGER\DEBUG\ADDRESS_MANAGER.ILK
C:\Users\QATEAM-3\Desktop\address_manager\Debug\address_manager.lib
C:\USERS\QATEAM-3\DESKTOP\ADDRESS_MANAGER\DEBUG\ADDRESS_MANAGER.PDB
F:\SVN_Rep\001-2. RT Source Code\sun\1. C,C++\c_open\address_manager\address_manager\Debug\address_manager.exe.embed.manifest
F:\SVN_Rep\001-2. RT Source Code\sun\1. C,C++\c_open\address_manager\address_manager\Debug\address_manager.exe.embed.manifest.res
F:\SVN_Rep\001-2. RT Source Code\sun\1. C,C++\c_open\address_manager\address_manager\Debug\address_manager.exe.intermediate.manifest
F:\SVN_Rep\001-2. RT Source Code\sun\1. C,C++\c_open\address_manager\address_manager\Debug\address_manager.write.1.tlog
F:\SVN_Rep\001-2. RT Source Code\sun\1. C,C++\c_open\address_manager\address_manager\Debug\address_manager_manifest.rc
F:\SVN_Rep\001-2. RT Source Code\sun\1. C,C++\c_open\address_manager\address_manager\Debug\CL.11880.read.1.tlog
F:\SVN_Rep\001-2. RT Source Code\sun\1. C,C++\c_open\address_manager\address_manager\Debug\CL.11880.write.1.tlog
F:\SVN_Rep\001-2. RT Source Code\sun\1. C,C++\c_open\address_manager\address_manager\Debug\cl.command.1.tlog
F:\SVN_Rep\001-2. RT Source Code\sun\1. C,C++\c_open\address_manager\address_manager\Debug\CL.read.1.tlog
F:\SVN_Rep\001-2. RT Source Code\sun\1. C,C++\c_open\address_manager\address_manager\Debug\cl.write.1.tlog
F:\SVN_Rep\001-2. RT Source Code\sun\1. C,C++\c_open\address_manager\address_manager\Debug\link.11928.4360.read.1.tlog
F:\SVN_Rep\001-2. RT Source Code\sun\1. C,C++\c_open\address_manager\address_manager\Debug\link.11928.4360.write.1.tlog
F:\SVN_Rep\001-2. RT Source Code\sun\1. C,C++\c_open\address_manager\address_manager\Debug\link.11928.4360-cvtres.read.1.tlog
F:\SVN_Rep\001-2. RT Source Code\sun\1. C,C++\c_open\address_manager\address_manager\Debug\link.11928.4360-cvtres.write.1.tlog
F:\SVN_Rep\001-2. RT Source Code\sun\1. C,C++\c_open\address_manager\address_manager\Debug\link.11928.read.1.tlog
F:\SVN_Rep\001-2. RT Source Code\sun\1. C,C++\c_open\address_manager\address_manager\Debug\link.11928.write.1.tlog
F:\SVN_Rep\001-2. RT Source Code\sun\1. C,C++\c_open\address_manager\address_manager\Debug\link.5720.4824.read.1.tlog
F:\SVN_Rep\001-2. RT Source Code\sun\1. C,C++\c_open\address_manager\address_manager\Debug\link.5720.4824.write.1.tlog
F:\SVN_Rep\001-2. RT Source Code\sun\1. C,C++\c_open\address_manager\address_manager\Debug\link.5720.4824-cvtres.read.1.tlog
F:\SVN_Rep\001-2. RT Source Code\sun\1. C,C++\c_open\address_manager\address_manager\Debug\link.5720.4824-cvtres.write.1.tlog
F:\SVN_Rep\001-2. RT Source Code\sun\1. C,C++\c_open\address_manager\address_manager\Debug\link.5720.read.1.tlog
F:\SVN_Rep\001-2. RT Source Code\sun\1. C,C++\c_open\address_manager\address_manager\Debug\link.5720.write.1.tlog
F:\SVN_Rep\001-2. RT Source Code\sun\1. C,C++\c_open\address_manager\address_manager\Debug\link.command.1.tlog
F:\SVN_Rep\001-2. RT Source Code\sun\1. C,C++\c_open\address_manager\address_manager\Debug\link.read.1.tlog
F:\SVN_Rep\001-2. RT Source Code\sun\1. C,C++\c_open\address_manager\address_manager\Debug\link-cl.read.1.tlog
F:\SVN_Rep\001-2. RT Source Code\sun\1. C,C++\c_open\address_manager\address_manager\Debug\link-cl.write.1.tlog
F:\SVN_Rep\001-2. RT Source Code\sun\1. C,C++\c_open\address_manager\address_manager\Debug\manager.obj
F:\SVN_Rep\001-2. RT Source Code\sun\1. C,C++\c_open\address_manager\address_manager\Debug\mt.command.1.tlog
F:\SVN_Rep\001-2. RT Source Code\sun\1. C,C++\c_open\address_manager\address_manager\Debug\mt.read.1.tlog
F:\SVN_Rep\001-2. RT Source Code\sun\1. C,C++\c_open\address_manager\address_manager\Debug\mt.write.1.tlog
F:\SVN_Rep\001-2. RT Source Code\sun\1. C,C++\c_open\address_manager\address_manager\Debug\rc.command.1.tlog
F:\SVN_Rep\001-2. RT Source Code\sun\1. C,C++\c_open\address_manager\address_manager\Debug\rc.read.1.tlog
F:\SVN_Rep\001-2. RT Source Code\sun\1. C,C++\c_open\address_manager\address_manager\Debug\rc.write.1.tlog
F:\SVN_Rep\001-2. RT Source Code\sun\1. C,C++\c_open\address_manager\address_manager\Debug\vc100.idb
F:\SVN_Rep\001-2. RT Source Code\sun\1. C,C++\c_open\address_manager\address_manager\Debug\vc100.pdb
F:\SVN_Rep\001-2. RT Source Code\sun\1. C,C++\c_open\address_manager\Debug\address_manager.exe
F:\SVN_Rep\001-2. RT Source Code\sun\1. C,C++\c_open\address_manager\Debug\address_manager.ilk
F:\SVN_Rep\001-2. RT Source Code\sun\1. C,C++\c_open\address_manager\Debug\address_manager.pdb
