빌드 시작: 2021-01-13 오후 2:17:18
     1>2 노드의 "C:\Users\jhka\Desktop\COVERSE_Automation\sample\C_2010_32\address_manager\address_manager\address_manager.vcxproj" 프로젝트(rebuild 대상)입니다.
     1>도구 버전 "4.0"(을)를 사용하여 빌드하고 있습니다.
     1>"C:\Users\jhka\Desktop\COVERSE_Automation\sample\C_2010_32\address_manager\address_manager\address_manager.vcxproj" 프로젝트의 "C:\Windows\Microsoft.NET\Framework\v4.0.30319\Microsoft.Common.Targets" 파일에 있는 "_CheckForInvalidConfigurationAndPlatform" 대상(진입점):
       조건이 잘못되어 "Error" 작업을 건너뜁니다. ( '$(_InvalidConfigurationError)' == 'true' )이(가) ( '' == 'true' )(으)로 확인되었습니다.
       조건이 잘못되어 "Warning" 작업을 건너뜁니다. ( '$(_InvalidConfigurationWarning)' == 'true' )이(가) ( '' == 'true' )(으)로 확인되었습니다.
       "Microsoft.Build.Tasks.v4.0, Version=4.0.0.0, Culture=neutral, PublicKeyToken=b03f5f7f11d50a3a" 어셈블리에서 "Message" 작업을 사용합니다.
       "Message" 작업
         Configuration=Release
       "Message" 작업을 실행했습니다.
       "Message" 작업
         Platform=Win32
       "Message" 작업을 실행했습니다.
       조건이 잘못되어 "Error" 작업을 건너뜁니다. ('$(OutDir)' != '' and !HasTrailingSlash('$(OutDir)'))이(가) ('C:\Users\jhka\Desktop\COVERSE_Automation\sample\C_2010_32\address_manager\Release\' != '' and !HasTrailingSlash('C:\Users\jhka\Desktop\COVERSE_Automation\sample\C_2010_32\address_manager\Release\'))(으)로 확인되었습니다.
       조건이 잘못되어 "Error" 작업을 건너뜁니다. ('$(BaseIntermediateOutputPath)' != '' and !HasTrailingSlash('$(BaseIntermediateOutputPath)'))이(가) ('obj\' != '' and !HasTrailingSlash('obj\'))(으)로 확인되었습니다.
       조건이 잘못되어 "Error" 작업을 건너뜁니다. ('$(IntermediateOutputPath)' != '' and !HasTrailingSlash('$(IntermediateOutputPath)'))이(가) ('Release\' != '' and !HasTrailingSlash('Release\'))(으)로 확인되었습니다.
     1>"address_manager.vcxproj" 프로젝트에 "_CheckForInvalidConfigurationAndPlatform" 대상을 빌드했습니다.
     1>"C:\Users\jhka\Desktop\COVERSE_Automation\sample\C_2010_32\address_manager\address_manager\address_manager.vcxproj" 프로젝트의 "C:\Program Files (x86)\MSBuild\Microsoft.Cpp\v4.0\Microsoft.CppBuild.targets" 파일에 있는 "_DetermineManagedStateFromCL" 대상("Rebuild" 대상이 종속됨):
     1>"address_manager.vcxproj" 프로젝트에 "_DetermineManagedStateFromCL" 대상을 빌드했습니다.
     1>"C:\Users\jhka\Desktop\COVERSE_Automation\sample\C_2010_32\address_manager\address_manager\address_manager.vcxproj" 프로젝트의 "C:\Program Files (x86)\MSBuild\Microsoft.Cpp\v4.0\Microsoft.BuildSteps.Targets" 파일에 있는 "_PrepareForRebuild" 대상("Rebuild" 대상이 종속됨):
     1>"address_manager.vcxproj" 프로젝트에 "_PrepareForRebuild" 대상을 빌드했습니다.
     1>"C:\Users\jhka\Desktop\COVERSE_Automation\sample\C_2010_32\address_manager\address_manager\address_manager.vcxproj" 프로젝트의 "C:\Windows\Microsoft.NET\Framework\v4.0.30319\Microsoft.Common.Targets" 파일에 있는 "BeforeRebuild" 대상("Rebuild" 대상이 종속됨):
     1>"address_manager.vcxproj" 프로젝트에 "BeforeRebuild" 대상을 빌드했습니다.
     1>"C:\Users\jhka\Desktop\COVERSE_Automation\sample\C_2010_32\address_manager\address_manager\address_manager.vcxproj" 프로젝트의 "C:\Program Files (x86)\MSBuild\Microsoft.Cpp\v4.0\Microsoft.BuildSteps.Targets" 파일에 있는 "_PrepareForClean" 대상("Clean" 대상이 종속됨):
       조건이 잘못되어 "Delete" 작업을 건너뜁니다. (Exists($(LastBuildState)))이(가) (Exists(Release\address_manager.lastbuildstate))(으)로 확인되었습니다.
     1>"address_manager.vcxproj" 프로젝트에 "_PrepareForClean" 대상을 빌드했습니다.
     1>"C:\Users\jhka\Desktop\COVERSE_Automation\sample\C_2010_32\address_manager\address_manager\address_manager.vcxproj" 프로젝트의 "C:\Windows\Microsoft.NET\Framework\v4.0.30319\Microsoft.Common.Targets" 파일에 있는 "BeforeClean" 대상("Clean" 대상이 종속됨):
     1>"address_manager.vcxproj" 프로젝트에 "BeforeClean" 대상을 빌드했습니다.
       조건이 잘못되어 "UnmanagedUnregistration" 대상을 건너뜁니다. ((('$(_AssemblyTimestampBeforeCompile)' != '$(_AssemblyTimestampAfterCompile)' or '$(RegisterForComInterop)' != 'true' or '$(OutputType)' != 'library') or
                           ('$(_AssemblyTimestampBeforeCompile)' == '')) and
                          Exists('@(_UnmanagedRegistrationCache)'))이(가) ((('' != '' or '' != 'true' or 'exe' != 'library') or
                           ('' == '')) and
                          Exists('obj\address_manager.vcxproj.UnmanagedRegistration.cache'))(으)로 확인되었습니다.
     1>"C:\Users\jhka\Desktop\COVERSE_Automation\sample\C_2010_32\address_manager\address_manager\address_manager.vcxproj" 프로젝트의 "C:\Windows\Microsoft.NET\Framework\v4.0.30319\Microsoft.Common.Targets" 파일에 있는 "CoreClean" 대상("Clean" 대상이 종속됨):
       "Microsoft.Build.Tasks.v4.0, Version=4.0.0.0, Culture=neutral, PublicKeyToken=b03f5f7f11d50a3a" 어셈블리에서 "Delete" 작업을 사용합니다.
       "Delete" 작업
       "Delete" 작업을 실행했습니다.
       "Microsoft.Build.Tasks.v4.0, Version=4.0.0.0, Culture=neutral, PublicKeyToken=b03f5f7f11d50a3a" 어셈블리에서 "ReadLinesFromFile" 작업을 사용합니다.
       "ReadLinesFromFile" 작업
       "ReadLinesFromFile" 작업을 실행했습니다.
       "Microsoft.Build.Tasks.v4.0, Version=4.0.0.0, Culture=neutral, PublicKeyToken=b03f5f7f11d50a3a" 어셈블리에서 "FindUnderPath" 작업을 사용합니다.
       "FindUnderPath" 작업
         비교 경로는 "C:\Users\jhka\Desktop\COVERSE_Automation\sample\C_2010_32\address_manager\Release\"입니다.
       "FindUnderPath" 작업을 실행했습니다.
       "FindUnderPath" 작업
         비교 경로는 "Release\"입니다.
       "FindUnderPath" 작업을 실행했습니다.
       "Delete" 작업
       "Delete" 작업을 실행했습니다.
       "Microsoft.Build.Tasks.v4.0, Version=4.0.0.0, Culture=neutral, PublicKeyToken=b03f5f7f11d50a3a" 어셈블리에서 "RemoveDuplicates" 작업을 사용합니다.
       "RemoveDuplicates" 작업
       "RemoveDuplicates" 작업을 실행했습니다.
       "Microsoft.Build.Tasks.v4.0, Version=4.0.0.0, Culture=neutral, PublicKeyToken=b03f5f7f11d50a3a" 어셈블리에서 "MakeDir" 작업을 사용합니다.
       "MakeDir" 작업
       "MakeDir" 작업을 실행했습니다.
       "Microsoft.Build.Tasks.v4.0, Version=4.0.0.0, Culture=neutral, PublicKeyToken=b03f5f7f11d50a3a" 어셈블리에서 "WriteLinesToFile" 작업을 사용합니다.
       "WriteLinesToFile" 작업
       "WriteLinesToFile" 작업을 실행했습니다.
     1>"address_manager.vcxproj" 프로젝트에 "CoreClean" 대상을 빌드했습니다.
     1>"C:\Users\jhka\Desktop\COVERSE_Automation\sample\C_2010_32\address_manager\address_manager\address_manager.vcxproj" 프로젝트의 "C:\Windows\Microsoft.NET\Framework\v4.0.30319\Microsoft.Common.Targets" 파일에 있는 "AssignProjectConfiguration" 대상("CleanReferencedProjects" 대상이 종속됨):
       "Microsoft.Build.Tasks.v4.0, Version=4.0.0.0, Culture=neutral, PublicKeyToken=b03f5f7f11d50a3a" 어셈블리에서 "AssignProjectConfiguration" 작업을 사용합니다.
       "AssignProjectConfiguration" 작업
       "AssignProjectConfiguration" 작업을 실행했습니다.
     1>"address_manager.vcxproj" 프로젝트에 "AssignProjectConfiguration" 대상을 빌드했습니다.
     1>"C:\Users\jhka\Desktop\COVERSE_Automation\sample\C_2010_32\address_manager\address_manager\address_manager.vcxproj" 프로젝트의 "C:\Windows\Microsoft.NET\Framework\v4.0.30319\Microsoft.Common.Targets" 파일에 있는 "_SplitProjectReferencesByFileExistence" 대상("CleanReferencedProjects" 대상이 종속됨):
       조건이 잘못되어 "ResolveNonMSBuildProjectOutput" 작업을 건너뜁니다. ('$(BuildingInsideVisualStudio)'=='true' and '@(ProjectReferenceWithConfiguration)'!='')이(가) ('true'=='true' and ''!='')(으)로 확인되었습니다.
     1>"address_manager.vcxproj" 프로젝트에 "_SplitProjectReferencesByFileExistence" 대상을 빌드했습니다.
     1>"C:\Users\jhka\Desktop\COVERSE_Automation\sample\C_2010_32\address_manager\address_manager\address_manager.vcxproj" 프로젝트의 "C:\Windows\Microsoft.NET\Framework\v4.0.30319\Microsoft.Common.Targets" 파일에 있는 "CleanReferencedProjects" 대상("Clean" 대상이 종속됨):
       조건이 잘못되어 "MSBuild" 작업을 건너뜁니다. ('$(BuildingInsideVisualStudio)' != 'true' and '$(BuildProjectReferences)' == 'true' and '@(_MSBuildProjectReferenceExistent)' != '')이(가) ('true' != 'true' and 'true' == 'true' and '' != '')(으)로 확인되었습니다.
     1>"address_manager.vcxproj" 프로젝트에 "CleanReferencedProjects" 대상을 빌드했습니다.
     1>"C:\Users\jhka\Desktop\COVERSE_Automation\sample\C_2010_32\address_manager\address_manager\address_manager.vcxproj" 프로젝트의 "C:\Windows\Microsoft.NET\Framework\v4.0.30319\Microsoft.Common.Targets" 파일에 있는 "CleanPublishFolder" 대상("Clean" 대상이 종속됨):
       조건이 잘못되어 "RemoveDir" 작업을 건너뜁니다. ('$(PublishDir)'=='$(OutputPath)app.publish\' and Exists('$(PublishDir)'))이(가) ('C:\Users\jhka\Desktop\COVERSE_Automation\sample\C_2010_32\address_manager\Release\app.publish\'=='C:\Users\jhka\Desktop\COVERSE_Automation\sample\C_2010_32\address_manager\Release\app.publish\' and Exists('C:\Users\jhka\Desktop\COVERSE_Automation\sample\C_2010_32\address_manager\Release\app.publish\'))(으)로 확인되었습니다.
     1>"address_manager.vcxproj" 프로젝트에 "CleanPublishFolder" 대상을 빌드했습니다.
     1>"C:\Users\jhka\Desktop\COVERSE_Automation\sample\C_2010_32\address_manager\address_manager\address_manager.vcxproj" 프로젝트의 "C:\Windows\Microsoft.NET\Framework\v4.0.30319\Microsoft.Common.Targets" 파일에 있는 "AfterClean" 대상("Clean" 대상이 종속됨):
     1>"address_manager.vcxproj" 프로젝트에 "AfterClean" 대상을 빌드했습니다.
       조건이 잘못되어 "EntityClean" 대상을 건너뜁니다. ('@(EntityDeploy)' != '')이(가) ('' != '')(으)로 확인되었습니다.
     1>"C:\Users\jhka\Desktop\COVERSE_Automation\sample\C_2010_32\address_manager\address_manager\address_manager.vcxproj" 프로젝트의 "C:\Program Files (x86)\MSBuild\Microsoft.Cpp\v4.0\Microsoft.CppClean.targets" 파일에 있는 "BeforeCppClean" 대상("CppClean" 대상이 종속됨):
     1>"address_manager.vcxproj" 프로젝트에 "BeforeCppClean" 대상을 빌드했습니다.
     1>"C:\Users\jhka\Desktop\COVERSE_Automation\sample\C_2010_32\address_manager\address_manager\address_manager.vcxproj" 프로젝트의 "C:\Program Files (x86)\MSBuild\Microsoft.Cpp\v4.0\Microsoft.CppClean.targets" 파일에 있는 "CoreCppClean" 대상("CppClean" 대상이 종속됨):
       "MakeDir" 작업
       "MakeDir" 작업을 실행했습니다.
       "Microsoft.Build.CppTasks.Common, Version=4.0.0.0, Culture=neutral, PublicKeyToken=b03f5f7f11d50a3a" 어셈블리에서 "CppClean" 작업을 사용합니다.
       "CppClean" 작업
       "CppClean" 작업을 실행했습니다.
       "WriteLinesToFile" 작업
       "WriteLinesToFile" 작업을 실행했습니다.
     1>"address_manager.vcxproj" 프로젝트에 "CoreCppClean" 대상을 빌드했습니다.
     1>"C:\Users\jhka\Desktop\COVERSE_Automation\sample\C_2010_32\address_manager\address_manager\address_manager.vcxproj" 프로젝트의 "C:\Program Files (x86)\MSBuild\Microsoft.Cpp\v4.0\Microsoft.CppClean.targets" 파일에 있는 "AfterCppClean" 대상("CppClean" 대상이 종속됨):
     1>"address_manager.vcxproj" 프로젝트에 "AfterCppClean" 대상을 빌드했습니다.
     1>"C:\Users\jhka\Desktop\COVERSE_Automation\sample\C_2010_32\address_manager\address_manager\address_manager.vcxproj" 프로젝트의 "C:\Program Files (x86)\MSBuild\Microsoft.Cpp\v4.0\Microsoft.CppClean.targets" 파일에 있는 "PGInstrumentedClean" 대상("CppClean" 대상이 종속됨):
       "Delete" 작업
       "Delete" 작업을 실행했습니다.
     1>"address_manager.vcxproj" 프로젝트에 "PGInstrumentedClean" 대상을 빌드했습니다.
     1>"C:\Users\jhka\Desktop\COVERSE_Automation\sample\C_2010_32\address_manager\address_manager\address_manager.vcxproj" 프로젝트의 "C:\Program Files (x86)\MSBuild\Microsoft.Cpp\v4.0\Microsoft.CppClean.targets" 파일에 있는 "CppClean" 대상("Clean" 대상이 종속됨):
     1>"address_manager.vcxproj" 프로젝트에 "CppClean" 대상을 빌드했습니다.
     1>"C:\Users\jhka\Desktop\COVERSE_Automation\sample\C_2010_32\address_manager\address_manager\address_manager.vcxproj" 프로젝트의 "C:\Windows\Microsoft.NET\Framework\v4.0.30319\Microsoft.Common.Targets" 파일에 있는 "Clean" 대상("Rebuild" 대상이 종속됨):
     1>"address_manager.vcxproj" 프로젝트에 "Clean" 대상을 빌드했습니다.
       "_DetermineManagedStateFromCL" 대상을 건너뜁니다. 이전에 빌드되었습니다.
     1>"C:\Users\jhka\Desktop\COVERSE_Automation\sample\C_2010_32\address_manager\address_manager\address_manager.vcxproj" 프로젝트의 "C:\Program Files (x86)\MSBuild\Microsoft.Cpp\v4.0\Microsoft.BuildSteps.Targets" 파일에 있는 "_PrepareForBuild" 대상("Build" 대상이 종속됨):
     1>"address_manager.vcxproj" 프로젝트에 "_PrepareForBuild" 대상을 빌드했습니다.
     1>"C:\Users\jhka\Desktop\COVERSE_Automation\sample\C_2010_32\address_manager\address_manager\address_manager.vcxproj" 프로젝트의 "C:\Program Files (x86)\MSBuild\Microsoft.Cpp\v4.0\Microsoft.Cpp.targets" 파일에 있는 "SetBuildDefaultEnvironmentVariables" 대상("Build" 대상이 종속됨):
       "Microsoft.Build.CppTasks.Common, Version=4.0.0.0, Culture=neutral, PublicKeyToken=b03f5f7f11d50a3a" 어셈블리에서 "SetEnv" 작업을 사용합니다.
       "SetEnv" 작업
         PATH=C:\Users\jhka\Desktop\COVER_RT\Cover4\1d\cover-agent\wrapper;C:\Program Files (x86)\Microsoft Visual Studio 10.0\VC\bin;C:\Program Files (x86)\Microsoft SDKs\Windows\v7.0A\bin\NETFX 4.0 Tools;C:\Program Files (x86)\Microsoft SDKs\Windows\v7.0A\bin;C:\Program Files (x86)\Microsoft Visual Studio 10.0\Common7\Tools\bin;C:\Program Files (x86)\Microsoft Visual Studio 10.0\Common7\tools;C:\Program Files (x86)\Microsoft Visual Studio 10.0\Common7\ide;C:\Program Files (x86)\HTML Help Workshop;C:\Program Files (x86)\Microsoft SDKs\Windows\v7.0A\\bin;C:\Windows\Microsoft.NET\Framework\v4.0.30319\;C:\Program Files (x86)\Microsoft Visual Studio 10.0\;C:\Windows\SysWow64;;C:\Program Files (x86)\Common Files\Oracle\Java\javapath;C:\Program Files (x86)\Windows Kits\10\Windows Performance Toolkit\;C:\Program Files\Common Files\Oracle\Java\javapath;C:\Windows\System32\Wbem;C:\Windows\System32\WindowsPowerShell\v1.0\;C:\Windows\System32\OpenSSH\;C:\Program Files (x86)\NVIDIA Corporation\PhysX\Common;C:\Program Files\NVIDIA Corporation\NVIDIA NvDLISR;C:\Program Files\Microsoft SQL Server\130\Tools\Binn\;C:\Program Files (x86)\Microsoft SQL Server\100\Tools\Binn\;C:\Program Files\Microsoft SQL Server\100\Tools\Binn\;C:\Program Files\Microsoft SQL Server\100\DTS\Binn\;C:\Program Files\dotnet\;C:\Program Files\Java\java-11-openjdk-11.0.3.7-1.windows.ojdkbuild.x86_64\bin;C:\Program Files\PuTTY\;C:\AutoSet10\Server\conf\;C:\AutoSet10\Server\bin\;C:\Program Files\Microsoft SQL Server\110\Tools\Binn\;C:\Program Files\TortoiseSVN\bin;C:\Program Files\ojdkbuild\java-1.8.0-openjdk-1.8.0.222-2\bin;C:\Program Files\ojdkbuild\java-1.8.0-openjdk-1.8.0.222-2\jre\bin;C:\Program Files\MATLAB\R2020a\bin;C:\Program Files\MATLAB\R2019b\bin;C:\Program Files\MATLAB\R2019a\bin;C:\Program Files\MATLAB\R2018b\bin;C:\Program Files\MATLAB\R2018a\bin;C:\Program Files\MATLAB\R2017b\bin;C:\Program Files\MATLAB\R2017a\bin;C:\Program Files\MATLAB\R2016b\bin;C:\Program Files\MATLAB\R2013b\bin;C:\Program Files\MATLAB\R2011b\bin;C:\Chrome_Driver;C:\Program Files\Git\cmd;C:\Users\jhka\Desktop\SampleCode;C:\Program Files\Microsoft\Web Platform Installer\;C:\Program Files\Microsoft DNX\Dnvm\;C:\Program Files (x86)\dotnet\;C:\Windows\System32;C:\Windows\SysWOW64;C:\Users\jhka\AppData\Local\Programs\Python\Python37-32\Scripts\;C:\Users\jhka\AppData\Local\Programs\Python\Python37-32\;C:\Users\jhka\AppData\Local\Programs\Microsoft VS Code\bin;C:\Users\jhka\AppData\Local\GitHubDesktop\bin;C:\Program Files\JetBrains\PyCharm Community Edition 2020.1.1\bin;C:\Users\jhka\.dotnet\tools;C:\MinGW\bin;C:\Users\jhka\Desktop\COVER_RT\Cover4\1c\cover-agent\lib;C:\QualityScroll-Cover-SE\lib;C:\QualityScroll-Cover-SE\bin\ui;C:\QualityScroll-Cover-SE\bin;
       "SetEnv" 작업을 실행했습니다.
       조건이 잘못되어 "SetEnv" 작업을 건너뜁니다. ('$(_IsNativeEnvironment)' == 'true')이(가) ('' == 'true')(으)로 확인되었습니다.
       "SetEnv" 작업
         LIB=C:\Program Files (x86)\Microsoft Visual Studio 10.0\VC\lib;C:\Program Files (x86)\Microsoft Visual Studio 10.0\VC\atlmfc\lib;C:\Program Files (x86)\Microsoft SDKs\Windows\v7.0A\lib;C:\Program Files (x86)\Microsoft SDKs\Windows\v7.0A\\lib
       "SetEnv" 작업을 실행했습니다.
       "SetEnv" 작업
         LIBPATH=C:\Program Files (x86)\Microsoft Visual Studio 10.0\VC\atlmfc\lib;C:\Program Files (x86)\Microsoft Visual Studio 10.0\VC\lib
       "SetEnv" 작업을 실행했습니다.
       "SetEnv" 작업
         INCLUDE=C:\Program Files (x86)\Microsoft Visual Studio 10.0\VC\include;C:\Program Files (x86)\Microsoft Visual Studio 10.0\VC\atlmfc\include;C:\Program Files (x86)\Microsoft SDKs\Windows\v7.0A\include;C:\Program Files (x86)\Microsoft SDKs\Windows\v7.0A\\include;
       "SetEnv" 작업을 실행했습니다.
     1>"address_manager.vcxproj" 프로젝트에 "SetBuildDefaultEnvironmentVariables" 대상을 빌드했습니다.
       조건이 잘못되어 "SetUserMacroEnvironmentVariables" 대상을 건너뜁니다. ('@(BuildMacro)' != '')이(가) ('' != '')(으)로 확인되었습니다.
     1>"C:\Users\jhka\Desktop\COVERSE_Automation\sample\C_2010_32\address_manager\address_manager\address_manager.vcxproj" 프로젝트의 "C:\Windows\Microsoft.NET\Framework\v4.0.30319\Microsoft.Common.Targets" 파일에 있는 "BeforeResolveReferences" 대상("ResolveReferences" 대상이 종속됨):
     1>"address_manager.vcxproj" 프로젝트에 "BeforeResolveReferences" 대상을 빌드했습니다.
       "AssignProjectConfiguration" 대상을 건너뜁니다. 이전에 빌드되었습니다.
       "AssignProjectConfiguration" 대상을 건너뜁니다. 이전에 빌드되었습니다.
       "_SplitProjectReferencesByFileExistence" 대상을 건너뜁니다. 이전에 빌드되었습니다.
       조건이 잘못되어 "_RemoveNameMetadataFromProjectReferenceItems" 대상을 건너뜁니다. ('@(ProjectReference)'!='')이(가) (''!='')(으)로 확인되었습니다.
     1>"C:\Users\jhka\Desktop\COVERSE_Automation\sample\C_2010_32\address_manager\address_manager\address_manager.vcxproj" 프로젝트의 "C:\Windows\Microsoft.NET\Framework\v4.0.30319\Microsoft.Common.Targets" 파일에 있는 "ResolveProjectReferences" 대상("ResolveReferences" 대상이 종속됨):
       조건이 잘못되어 "MSBuild" 작업을 건너뜁니다. ('%(_MSBuildProjectReferenceExistent.BuildReference)' == 'true' and '@(ProjectReferenceWithConfiguration)' != '' and ('$(BuildingInsideVisualStudio)' == 'true' or '$(BuildProjectReferences)' != 'true') and '$(VisualStudioVersion)' != '10.0' and '@(_MSBuildProjectReferenceExistent)' != '')이(가) ('' == 'true' and '' != '' and ('true' == 'true' or 'true' != 'true') and '10.0' != '10.0' and '' != '')(으)로 확인되었습니다.
       조건이 잘못되어 "MSBuild" 작업을 건너뜁니다. ('%(_MSBuildProjectReferenceExistent.BuildReference)' == 'true' and '@(ProjectReferenceWithConfiguration)' != '' and ('$(BuildingInsideVisualStudio)' == 'true' or '$(BuildProjectReferences)' != 'true') and '$(VisualStudioVersion)' == '10.0' and '@(_MSBuildProjectReferenceExistent)' != '')이(가) ('' == 'true' and '' != '' and ('true' == 'true' or 'true' != 'true') and '10.0' == '10.0' and '' != '')(으)로 확인되었습니다.
       조건이 잘못되어 "MSBuild" 작업을 건너뜁니다. ('%(_MSBuildProjectReferenceExistent.BuildReference)' == 'true' and '@(ProjectReferenceWithConfiguration)' != '' and '$(BuildingInsideVisualStudio)' != 'true' and '$(BuildProjectReferences)' == 'true' and '@(_MSBuildProjectReferenceExistent)' != '')이(가) ('' == 'true' and '' != '' and 'true' != 'true' and 'true' == 'true' and '' != '')(으)로 확인되었습니다.
       조건이 잘못되어 "MSBuild" 작업을 건너뜁니다. ('%(_MSBuildProjectReferenceExistent.BuildReference)' == 'true' and '@(ProjectReferenceWithConfiguration)' != '' and '$(BuildingProject)' == 'true' and '@(_MSBuildProjectReferenceExistent)' != '')이(가) ('' == 'true' and '' != '' and 'true' == 'true' and '' != '')(으)로 확인되었습니다.
       조건이 잘못되어 "Warning" 작업을 건너뜁니다. ('@(ProjectReferenceWithConfiguration)' != '' and '@(_MSBuildProjectReferenceNonexistent)' != '')이(가) ('' != '' and '' != '')(으)로 확인되었습니다.
     1>"address_manager.vcxproj" 프로젝트에 "ResolveProjectReferences" 대상을 빌드했습니다.
       조건이 잘못되어 "ResolveNativeReferences" 대상을 건너뜁니다. ('@(NativeReference)'!='')이(가) (''!='')(으)로 확인되었습니다.
     1>"C:\Users\jhka\Desktop\COVERSE_Automation\sample\C_2010_32\address_manager\address_manager\address_manager.vcxproj" 프로젝트의 "C:\Windows\Microsoft.NET\Framework\v4.0.30319\Microsoft.NETFramework.targets" 파일에 있는 "GetFrameworkPaths" 대상("ResolveAssemblyReferences" 대상이 종속됨):
     1>"address_manager.vcxproj" 프로젝트에 "GetFrameworkPaths" 대상을 빌드했습니다.
       조건이 잘못되어 "GetWinFXPath" 대상을 건너뜁니다. (('@(Page)' != '' or '@(ApplicationDefinition)' != '' or '@(Resource)' != '') and ('$(GetWinFXNativePath)' != '' or '$(GetWinFXWoWPath)' != '' ))이(가) (('' != '' or '' != '' or '' != '') and ('' != '' or '' != '' ))(으)로 확인되었습니다.
     1>"C:\Users\jhka\Desktop\COVERSE_Automation\sample\C_2010_32\address_manager\address_manager\address_manager.vcxproj" 프로젝트의 "C:\Windows\Microsoft.NET\Framework\v4.0.30319\Microsoft.Common.Targets" 파일에 있는 "GetReferenceAssemblyPaths" 대상("ResolveAssemblyReferences" 대상이 종속됨):
       조건이 잘못되어 "GetReferenceAssemblyPaths" 작업을 건너뜁니다. ('$(TargetFrameworkMoniker)' != '' and ('$(_TargetFrameworkDirectories)' == '' or '$(_FullFrameworkReferenceAssemblyPaths)' == ''))이(가) ('.NETFramework,Version=v4.0' != '' and ('C:\Program Files (x86)\Reference Assemblies\Microsoft\Framework\.NETFramework\v4.0' == '' or 'C:\Program Files (x86)\Reference Assemblies\Microsoft\Framework\.NETFramework\v4.0' == ''))(으)로 확인되었습니다.
     1>"address_manager.vcxproj" 프로젝트에 "GetReferenceAssemblyPaths" 대상을 빌드했습니다.
     1>"C:\Users\jhka\Desktop\COVERSE_Automation\sample\C_2010_32\address_manager\address_manager\address_manager.vcxproj" 프로젝트의 "C:\Program Files (x86)\MSBuild\Microsoft.Cpp\v4.0\Platforms\Win32\Microsoft.Cpp.Win32.Targets" 파일에 있는 "PlatformPrepareForBuild" 대상("PrepareForBuild" 대상이 종속됨):
       조건이 잘못되어 "VCMessage" 작업을 건너뜁니다. (!(exists('$(VCTargetsPath)\Platforms\Win32\PlatformToolsets\$(PlatformToolset)\Microsoft.Cpp.Win32.$(PlatformToolset).targets')))이(가) (!(exists('C:\Program Files (x86)\MSBuild\Microsoft.Cpp\v4.0\\Platforms\Win32\PlatformToolsets\v100\Microsoft.Cpp.Win32.v100.targets')))(으)로 확인되었습니다.
     1>"address_manager.vcxproj" 프로젝트에 "PlatformPrepareForBuild" 대상을 빌드했습니다.
       "GetFrameworkPaths" 대상을 건너뜁니다. 이전에 빌드되었습니다.
       "GetReferenceAssemblyPaths" 대상을 건너뜁니다. 이전에 빌드되었습니다.
     1>"C:\Users\jhka\Desktop\COVERSE_Automation\sample\C_2010_32\address_manager\address_manager\address_manager.vcxproj" 프로젝트의 "C:\Program Files (x86)\MSBuild\Microsoft.Cpp\v4.0\Microsoft.CppBuild.targets" 파일에 있는 "PrepareForBuild" 대상("ResolveAssemblyReferences" 대상이 종속됨):
       조건이 잘못되어 "VCMessage" 작업을 건너뜁니다. ('$(DesignTimeBuild)'!='true' and '$(ConfigurationPlatformExists)' != 'true')이(가) (''!='true' and 'true' != 'true')(으)로 확인되었습니다.
       "MakeDir" 작업
       "MakeDir" 작업을 실행했습니다.
       조건이 잘못되어 "VCMessage" 작업을 건너뜁니다. ('$(DesignTimeBuild)'!='true' and '$(VCInstallDir)'=='' and '$(UseEnv)' != 'true' and ($(TargetFrameworkVersion)=='v3.5' or $(TargetFrameworkVersion)=='v3.0' or $(TargetFrameworkVersion)=='v2.0' ))이(가) (''!='true' and 'C:\Program Files (x86)\Microsoft Visual Studio 10.0\VC\'=='' and '' != 'true' and (v4.0=='v3.5' or v4.0=='v3.0' or v4.0=='v2.0' ))(으)로 확인되었습니다.
       조건이 잘못되어 "VCMessage" 작업을 건너뜁니다. ('$(DesignTimeBuild)'!='true' and '$(VCInstallDir)'=='' and '$(UseEnv)' != 'true' and '$(PlatformToolset)'=='v90')이(가) (''!='true' and 'C:\Program Files (x86)\Microsoft Visual Studio 10.0\VC\'=='' and '' != 'true' and 'v100'=='v90')(으)로 확인되었습니다.
       조건이 잘못되어 "VCMessage" 작업을 건너뜁니다. ('$(VCInstallDir)'=='' and '$(UseEnv)' != 'true')이(가) ('C:\Program Files (x86)\Microsoft Visual Studio 10.0\VC\'=='' and '' != 'true')(으)로 확인되었습니다.
       조건이 잘못되어 "VCMessage" 작업을 건너뜁니다. ('$(WindowsSDKDir)'=='' and '$(UseEnv)' != 'true')이(가) ('C:\Program Files (x86)\Microsoft SDKs\Windows\v7.0A\'=='' and '' != 'true')(으)로 확인되었습니다.
       조건이 잘못되어 "VCMessage" 작업을 건너뜁니다. ('$(IntDirTrailingSlashWarning)'=='true')이(가) (''=='true')(으)로 확인되었습니다.
       조건이 잘못되어 "VCMessage" 작업을 건너뜁니다. ('$(OutDirTrailingSlashWarning)'=='true')이(가) (''=='true')(으)로 확인되었습니다.
       "MakeDir" 작업
       "MakeDir" 작업을 실행했습니다.
     1>"address_manager.vcxproj" 프로젝트에 "PrepareForBuild" 대상을 빌드했습니다.
     1>"C:\Users\jhka\Desktop\COVERSE_Automation\sample\C_2010_32\address_manager\address_manager\address_manager.vcxproj" 프로젝트의 "C:\Windows\Microsoft.NET\Framework\v4.0.30319\Microsoft.Common.Targets" 파일에 있는 "GetInstalledSDKLocations" 대상("ResolveSDKReferences" 대상이 종속됨):
       조건이 잘못되어 "GetInstalledSDKLocations" 작업을 건너뜁니다. ('@(SDKReference)' != '')이(가) ('' != '')(으)로 확인되었습니다.
     1>"address_manager.vcxproj" 프로젝트에 "GetInstalledSDKLocations" 대상을 빌드했습니다.
     1>"C:\Users\jhka\Desktop\COVERSE_Automation\sample\C_2010_32\address_manager\address_manager\address_manager.vcxproj" 프로젝트의 "C:\Windows\Microsoft.NET\Framework\v4.0.30319\Microsoft.Common.Targets" 파일에 있는 "ResolveSDKReferences" 대상("ResolveAssemblyReferences" 대상이 종속됨):
       조건이 잘못되어 "ResolveSDKReference" 작업을 건너뜁니다. ('@(SDKReference)'!='')이(가) (''!='')(으)로 확인되었습니다.
     1>"address_manager.vcxproj" 프로젝트에 "ResolveSDKReferences" 대상을 빌드했습니다.
       "ResolveSDKReferences" 대상을 건너뜁니다. 이전에 빌드되었습니다.
     1>"C:\Users\jhka\Desktop\COVERSE_Automation\sample\C_2010_32\address_manager\address_manager\address_manager.vcxproj" 프로젝트의 "C:\Windows\Microsoft.NET\Framework\v4.0.30319\Microsoft.Common.Targets" 파일에 있는 "ExpandSDKReferences" 대상("ResolveAssemblyReferences" 대상이 종속됨):
       조건이 잘못되어 "GetSDKReferenceFiles" 작업을 건너뜁니다. ('@(ResolvedSDKReference)'!='')이(가) (''!='')(으)로 확인되었습니다.
     1>"address_manager.vcxproj" 프로젝트에 "ExpandSDKReferences" 대상을 빌드했습니다.
     1>"C:\Users\jhka\Desktop\COVERSE_Automation\sample\C_2010_32\address_manager\address_manager\address_manager.vcxproj" 프로젝트의 "C:\Windows\Microsoft.NET\Framework\v4.0.30319\Microsoft.Common.Targets" 파일에 있는 "ResolveAssemblyReferences" 대상("ResolveReferences" 대상이 종속됨):
       "Microsoft.Build.Tasks.v4.0, Version=4.0.0.0, Culture=neutral, PublicKeyToken=b03f5f7f11d50a3a" 어셈블리에서 "ResolveAssemblyReference" 작업을 사용합니다.
       "ResolveAssemblyReference" 작업
         TargetFrameworkMoniker:
             .NETFramework,Version=v4.0
         TargetFrameworkMonikerDisplayName:
             .NET Framework 4
         TargetedRuntimeVersion:
             v4.0.30319
         Assemblies:
             System.Core
         AssemblyFiles:
         CandidateAssemblyFiles:
         TargetFrameworkDirectories:
             C:\Program Files (x86)\Reference Assemblies\Microsoft\Framework\.NETFramework\v4.0
         InstalledAssemblyTables:
         IgnoreInstalledAssemblyTable:
             False
         SearchPaths:
             {CandidateAssemblyFiles}
             C:\Program Files (x86)\Microsoft Visual Studio 10.0\VC\atlmfc\lib
             C:\Program Files (x86)\Microsoft Visual Studio 10.0\VC\lib
             {HintPathFromItem}
             {TargetFrameworkDirectory}
             {Registry:Software\Microsoft\.NETFramework,v4.0,AssemblyFoldersEx}
             {AssemblyFolders}
             {GAC}
             {RawFileName}
             C:\Users\jhka\Desktop\COVERSE_Automation\sample\C_2010_32\address_manager\Release\
         AllowedAssemblyExtensions:
             .winmd
             .dll
             .exe
         AllowedRelatedFileExtensions:
             .pdb
             .xml
             .pri
         AppConfigFile:
             
         AutoUnify:
             False
         CopyLocalDependenciesWhenParentReferenceInGac:
             True
         FindDependencies:
             True
         TargetProcessorArchitecture:
             x86
         StateFile:
             Release\address_manager.vcxprojResolveAssemblyReference.cache
         InstalledAssemblySubsetTables:
         IgnoreInstalledAssemblySubsetTable:
             False
         TargetFrameworkSubsets:
         FullTargetFrameworkSubsetNames:
             Full
         ProfileName:
             
         FullFrameworkFolders:
             C:\Program Files (x86)\Reference Assemblies\Microsoft\Framework\.NETFramework\v4.0
         LatestTargetFrameworkDirectories:
         ProfileTablesLocation:
         기본 참조 "System.Core, Version=4.0.0.0, Culture=neutral, PublicKeyToken=b77a5c561934e089"입니다.
             확인된 파일 경로는 "C:\Program Files (x86)\Reference Assemblies\Microsoft\Framework\.NETFramework\v4.0\System.Core.dll"입니다.
             검색 경로 위치 "{TargetFrameworkDirectory}"에서 참조를 찾았습니다.
                 SearchPath "C:\Program Files (x86)\Microsoft Visual Studio 10.0\VC\atlmfc\lib"에 사용됩니다.
                 "C:\Program Files (x86)\Microsoft Visual Studio 10.0\VC\atlmfc\lib\System.Core.winmd"(으)로 간주했지만 존재하지 않습니다.
                 "C:\Program Files (x86)\Microsoft Visual Studio 10.0\VC\atlmfc\lib\System.Core.dll"(으)로 간주했지만 존재하지 않습니다.
                 "C:\Program Files (x86)\Microsoft Visual Studio 10.0\VC\atlmfc\lib\System.Core.exe"(으)로 간주했지만 존재하지 않습니다.
                 SearchPath "C:\Program Files (x86)\Microsoft Visual Studio 10.0\VC\lib"에 사용됩니다.
                 "C:\Program Files (x86)\Microsoft Visual Studio 10.0\VC\lib\System.Core.winmd"(으)로 간주했지만 존재하지 않습니다.
                 "C:\Program Files (x86)\Microsoft Visual Studio 10.0\VC\lib\System.Core.dll"(으)로 간주했지만 존재하지 않습니다.
                 "C:\Program Files (x86)\Microsoft Visual Studio 10.0\VC\lib\System.Core.exe"(으)로 간주했지만 존재하지 않습니다.
                 SearchPath "{TargetFrameworkDirectory}"에 사용됩니다.
                 "C:\Program Files (x86)\Reference Assemblies\Microsoft\Framework\.NETFramework\v4.0\System.Core.winmd"(으)로 간주했지만 존재하지 않습니다.
             이 참조는 필수 파일이므로 "CopyLocal"이 아닙니다.
             이 참조의 ImageRuntimeVersion은 "v4.0.30319"입니다.
       "ResolveAssemblyReference" 작업을 실행했습니다.
     1>"address_manager.vcxproj" 프로젝트에 "ResolveAssemblyReferences" 대상을 빌드했습니다.
       조건이 잘못되어 "ResolveComReferences" 대상을 건너뜁니다. ('@(COMReference)'!='' or '@(COMFileReference)'!='')이(가) (''!='' or ''!='')(으)로 확인되었습니다.
     1>"C:\Users\jhka\Desktop\COVERSE_Automation\sample\C_2010_32\address_manager\address_manager\address_manager.vcxproj" 프로젝트의 "C:\Windows\Microsoft.NET\Framework\v4.0.30319\Microsoft.Common.Targets" 파일에 있는 "AfterResolveReferences" 대상("ResolveReferences" 대상이 종속됨):
     1>"address_manager.vcxproj" 프로젝트에 "AfterResolveReferences" 대상을 빌드했습니다.
       조건이 잘못되어 "ImplicitlyExpandDesignTimeFacades" 대상을 건너뜁니다. ('$(ImplicitlyExpandDesignTimeFacades)' == 'true')이(가) ('' == 'true')(으)로 확인되었습니다.
       조건이 잘못되어 "ResolveTestReferences" 대상을 건너뜁니다. ('@(Shadow)'!='')이(가) (''!='')(으)로 확인되었습니다.
     1>"C:\Users\jhka\Desktop\COVERSE_Automation\sample\C_2010_32\address_manager\address_manager\address_manager.vcxproj" 프로젝트의 "C:\Windows\Microsoft.NET\Framework\v4.0.30319\Microsoft.Common.Targets" 파일에 있는 "ResolveReferences" 대상("Build" 대상이 종속됨):
     1>"address_manager.vcxproj" 프로젝트에 "ResolveReferences" 대상을 빌드했습니다.
       "PrepareForBuild" 대상을 건너뜁니다. 이전에 빌드되었습니다.
       "PrepareForBuild" 대상을 건너뜁니다. 이전에 빌드되었습니다.
     1>"C:\Users\jhka\Desktop\COVERSE_Automation\sample\C_2010_32\address_manager\address_manager\address_manager.vcxproj" 프로젝트의 "C:\Program Files (x86)\MSBuild\Microsoft.Cpp\v4.0\Microsoft.CppBuild.targets" 파일에 있는 "InitializeBuildStatus" 대상("Build" 대상이 종속됨):
       "ReadLinesFromFile" 작업
       "ReadLinesFromFile" 작업을 실행했습니다.
       "WriteLinesToFile" 작업
       "WriteLinesToFile" 작업을 실행했습니다.
       "Microsoft.Build.Tasks.v4.0, Version=4.0.0.0, Culture=neutral, PublicKeyToken=b03f5f7f11d50a3a" 어셈블리에서 "Touch" 작업을 사용합니다.
       "Touch" 작업
         "AlwaysCreate"이(가) 지정되었기 때문에 "Release\address_manager.unsuccessfulbuild"을(를) 만들고 있습니다.
       "Touch" 작업을 실행했습니다.
     1>"address_manager.vcxproj" 프로젝트에 "InitializeBuildStatus" 대상을 빌드했습니다.
       "AssignProjectConfiguration" 대상을 건너뜁니다. 이전에 빌드되었습니다.
       "_SplitProjectReferencesByFileExistence" 대상을 건너뜁니다. 이전에 빌드되었습니다.
     1>"C:\Users\jhka\Desktop\COVERSE_Automation\sample\C_2010_32\address_manager\address_manager\address_manager.vcxproj" 프로젝트의 "C:\Windows\Microsoft.NET\Framework\v4.0.30319\Microsoft.Common.Targets" 파일에 있는 "BuildGenerateSourcesTraverse" 대상("BuildGenerateSources" 대상이 종속됨):
       조건이 잘못되어 "MSBuild" 작업을 건너뜁니다. ('$(BuildPassReferences)' == 'true' and '@(ProjectReferenceWithConfiguration)' != '' and '@(_MSBuildProjectReferenceExistent)' != '' and '%(_MSBuildProjectReferenceExistent.BuildReference)' == 'true')이(가) ('' == 'true' and '' != '' and '' != '' and '' == 'true')(으)로 확인되었습니다.
     1>"address_manager.vcxproj" 프로젝트에 "BuildGenerateSourcesTraverse" 대상을 빌드했습니다.
       "SetBuildDefaultEnvironmentVariables" 대상을 건너뜁니다. 이전에 빌드되었습니다.
       조건이 잘못되어 "SetUserMacroEnvironmentVariables" 대상을 건너뜁니다. ('@(BuildMacro)' != '')이(가) ('' != '')(으)로 확인되었습니다.
       "PrepareForBuild" 대상을 건너뜁니다. 이전에 빌드되었습니다.
       "ResolveReferences" 대상을 건너뜁니다. 이전에 빌드되었습니다.
     1>"C:\Users\jhka\Desktop\COVERSE_Automation\sample\C_2010_32\address_manager\address_manager\address_manager.vcxproj" 프로젝트의 "C:\Program Files (x86)\MSBuild\Microsoft.Cpp\v4.0\Microsoft.BuildSteps.Targets" 파일에 있는 "BeforeBuildGenerateSources" 대상("BuildGenerateSources" 대상이 종속됨):
     1>"address_manager.vcxproj" 프로젝트에 "BeforeBuildGenerateSources" 대상을 빌드했습니다.
     1>"C:\Users\jhka\Desktop\COVERSE_Automation\sample\C_2010_32\address_manager\address_manager\address_manager.vcxproj" 프로젝트의 "C:\Program Files (x86)\MSBuild\Microsoft.Cpp\v4.0\Microsoft.CppCommon.targets" 파일에 있는 "PreBuildEvent" 대상("BuildGenerateSources" 대상이 종속됨):
       조건이 잘못되어 "Message" 작업을 건너뜁니다. ('%(PreBuildEvent.Message)' != '' and '%(PreBuildEvent.Command)' != '')이(가) ('' != '' and '' != '')(으)로 확인되었습니다.
       조건이 잘못되어 "Exec" 작업을 건너뜁니다. ('%(PreBuildEvent.Command)' != '')이(가) ('' != '')(으)로 확인되었습니다.
     1>"address_manager.vcxproj" 프로젝트에 "PreBuildEvent" 대상을 빌드했습니다.
       조건이 잘못되어 "CustomBuild" 대상을 건너뜁니다. ('@(CustomBuild)' != '')이(가) ('' != '')(으)로 확인되었습니다.
     1>"C:\Users\jhka\Desktop\COVERSE_Automation\sample\C_2010_32\address_manager\address_manager\address_manager.vcxproj" 프로젝트의 "C:\Program Files (x86)\MSBuild\Microsoft.Cpp\v4.0\Microsoft.CppBuild.targets" 파일에 있는 "_GenerateXMLData" 대상("BuildGenerateSources" 대상이 종속됨):
     1>"address_manager.vcxproj" 프로젝트에 "_GenerateXMLData" 대상을 빌드했습니다.
     1>"C:\Users\jhka\Desktop\COVERSE_Automation\sample\C_2010_32\address_manager\address_manager\address_manager.vcxproj" 프로젝트의 "C:\Program Files (x86)\MSBuild\Microsoft.Cpp\v4.0\Microsoft.CppBuild.targets" 파일에 있는 "_GenerateWebServiceProxy" 대상("BuildGenerateSources" 대상이 종속됨):
     1>"address_manager.vcxproj" 프로젝트에 "_GenerateWebServiceProxy" 대상을 빌드했습니다.
       조건이 잘못되어 "Xsd" 대상을 건너뜁니다. ('@(Xsd)' != '')이(가) ('' != '')(으)로 확인되었습니다.
     1>"C:\Users\jhka\Desktop\COVERSE_Automation\sample\C_2010_32\address_manager\address_manager\address_manager.vcxproj" 프로젝트의 "C:\Program Files (x86)\MSBuild\Microsoft.Cpp\v4.0\Microsoft.CppBuild.targets" 파일에 있는 "_Xsd" 대상("BuildGenerateSources" 대상이 종속됨):
     1>"address_manager.vcxproj" 프로젝트에 "_Xsd" 대상을 빌드했습니다.
     1>"C:\Users\jhka\Desktop\COVERSE_Automation\sample\C_2010_32\address_manager\address_manager\address_manager.vcxproj" 프로젝트의 "C:\Program Files (x86)\MSBuild\Microsoft.Cpp\v4.0\Microsoft.CppBuild.targets" 파일에 있는 "MakeDirsForMidl" 대상("_Midl" 대상이 종속됨):
       "Makedir" 작업
       "Makedir" 작업을 실행했습니다.
     1>"address_manager.vcxproj" 프로젝트에 "MakeDirsForMidl" 대상을 빌드했습니다.
       조건이 잘못되어 "Midl" 대상을 건너뜁니다. ('@(Midl)' != '')이(가) ('' != '')(으)로 확인되었습니다.
       조건이 잘못되어 "CustomBuild" 대상을 건너뜁니다. ('@(CustomBuild)' != '')이(가) ('' != '')(으)로 확인되었습니다.
     1>"C:\Users\jhka\Desktop\COVERSE_Automation\sample\C_2010_32\address_manager\address_manager\address_manager.vcxproj" 프로젝트의 "C:\Program Files (x86)\MSBuild\Microsoft.Cpp\v4.0\Microsoft.CppBuild.targets" 파일에 있는 "ComputeMIDLGeneratedCompileInputs" 대상("_Midl" 대상이 종속됨):
     1>"address_manager.vcxproj" 프로젝트에 "ComputeMIDLGeneratedCompileInputs" 대상을 빌드했습니다.
     1>"C:\Users\jhka\Desktop\COVERSE_Automation\sample\C_2010_32\address_manager\address_manager\address_manager.vcxproj" 프로젝트의 "C:\Program Files (x86)\MSBuild\Microsoft.Cpp\v4.0\Microsoft.CppBuild.targets" 파일에 있는 "AfterMidl" 대상("_Midl" 대상이 종속됨):
     1>"address_manager.vcxproj" 프로젝트에 "AfterMidl" 대상을 빌드했습니다.
     1>"C:\Users\jhka\Desktop\COVERSE_Automation\sample\C_2010_32\address_manager\address_manager\address_manager.vcxproj" 프로젝트의 "C:\Program Files (x86)\MSBuild\Microsoft.Cpp\v4.0\Microsoft.CppBuild.targets" 파일에 있는 "_Midl" 대상("BuildGenerateSources" 대상이 종속됨):
     1>"address_manager.vcxproj" 프로젝트에 "_Midl" 대상을 빌드했습니다.
     1>"C:\Users\jhka\Desktop\COVERSE_Automation\sample\C_2010_32\address_manager\address_manager\address_manager.vcxproj" 프로젝트의 "C:\Program Files (x86)\MSBuild\Microsoft.Cpp\v4.0\Microsoft.BuildSteps.Targets" 파일에 있는 "AfterBuildGenerateSources" 대상("BuildGenerateSources" 대상이 종속됨):
     1>"address_manager.vcxproj" 프로젝트에 "AfterBuildGenerateSources" 대상을 빌드했습니다.
     1>"C:\Users\jhka\Desktop\COVERSE_Automation\sample\C_2010_32\address_manager\address_manager\address_manager.vcxproj" 프로젝트의 "C:\Program Files (x86)\MSBuild\Microsoft.Cpp\v4.0\Microsoft.CppBuild.targets" 파일에 있는 "AfterBuildGenerateSourcesEvent" 대상("BuildGenerateSources" 대상이 종속됨):
     1>"address_manager.vcxproj" 프로젝트에 "AfterBuildGenerateSourcesEvent" 대상을 빌드했습니다.
     1>"C:\Users\jhka\Desktop\COVERSE_Automation\sample\C_2010_32\address_manager\address_manager\address_manager.vcxproj" 프로젝트의 "C:\Windows\Microsoft.NET\Framework\v4.0.30319\Microsoft.Common.Targets" 파일에 있는 "BuildGenerateSources" 대상("Build" 대상이 종속됨):
     1>"address_manager.vcxproj" 프로젝트에 "BuildGenerateSources" 대상을 빌드했습니다.
       "AssignProjectConfiguration" 대상을 건너뜁니다. 이전에 빌드되었습니다.
       "_SplitProjectReferencesByFileExistence" 대상을 건너뜁니다. 이전에 빌드되었습니다.
     1>"C:\Users\jhka\Desktop\COVERSE_Automation\sample\C_2010_32\address_manager\address_manager\address_manager.vcxproj" 프로젝트의 "C:\Windows\Microsoft.NET\Framework\v4.0.30319\Microsoft.Common.Targets" 파일에 있는 "BuildCompileTraverse" 대상("BuildCompile" 대상이 종속됨):
       조건이 잘못되어 "MSBuild" 작업을 건너뜁니다. ('$(BuildPassReferences)' == 'true' and '@(ProjectReferenceWithConfiguration)' != '' and '@(_MSBuildProjectReferenceExistent)' != ''  and '%(_MSBuildProjectReferenceExistent.BuildReference)' == 'true')이(가) ('' == 'true' and '' != '' and '' != ''  and '' == 'true')(으)로 확인되었습니다.
     1>"address_manager.vcxproj" 프로젝트에 "BuildCompileTraverse" 대상을 빌드했습니다.
       "SetBuildDefaultEnvironmentVariables" 대상을 건너뜁니다. 이전에 빌드되었습니다.
       조건이 잘못되어 "SetUserMacroEnvironmentVariables" 대상을 건너뜁니다. ('@(BuildMacro)' != '')이(가) ('' != '')(으)로 확인되었습니다.
       "PrepareForBuild" 대상을 건너뜁니다. 이전에 빌드되었습니다.
       "ResolveReferences" 대상을 건너뜁니다. 이전에 빌드되었습니다.
     1>"C:\Users\jhka\Desktop\COVERSE_Automation\sample\C_2010_32\address_manager\address_manager\address_manager.vcxproj" 프로젝트의 "C:\Program Files (x86)\MSBuild\Microsoft.Cpp\v4.0\Microsoft.CppBuild.targets" 파일에 있는 "BeforeClCompile" 대상("_ClCompile" 대상이 종속됨):
     1>"address_manager.vcxproj" 프로젝트에 "BeforeClCompile" 대상을 빌드했습니다.
       "ComputeMIDLGeneratedCompileInputs" 대상을 건너뜁니다. 이전에 빌드되었습니다.
     1>"C:\Users\jhka\Desktop\COVERSE_Automation\sample\C_2010_32\address_manager\address_manager\address_manager.vcxproj" 프로젝트의 "C:\Program Files (x86)\MSBuild\Microsoft.Cpp\v4.0\Microsoft.CppBuild.targets" 파일에 있는 "ComputeCLInputPDBName" 대상("_ClCompile" 대상이 종속됨):
     1>"address_manager.vcxproj" 프로젝트에 "ComputeCLInputPDBName" 대상을 빌드했습니다.
       "ResolveReferences" 대상을 건너뜁니다. 이전에 빌드되었습니다.
     1>"C:\Users\jhka\Desktop\COVERSE_Automation\sample\C_2010_32\address_manager\address_manager\address_manager.vcxproj" 프로젝트의 "C:\Program Files (x86)\MSBuild\Microsoft.Cpp\v4.0\Microsoft.CppBuild.targets" 파일에 있는 "ComputeReferenceCLInput" 대상("_ClCompile" 대상이 종속됨):
       "WriteLinesToFile" 작업
       "WriteLinesToFile" 작업을 실행했습니다.
       조건이 잘못되어 "Message" 작업을 건너뜁니다. ('$(_REFERENCE_DEBUG)'=='true' and '%(ClCompile.CompileAsManaged)' != 'false' and '%(ClCompile.CompileAsManaged)' != '')이(가) (''=='true' and '' != 'false' and '' != '')(으)로 확인되었습니다.
     1>"address_manager.vcxproj" 프로젝트에 "ComputeReferenceCLInput" 대상을 빌드했습니다.
     1>"C:\Users\jhka\Desktop\COVERSE_Automation\sample\C_2010_32\address_manager\address_manager\address_manager.vcxproj" 프로젝트의 "C:\Program Files (x86)\MSBuild\Microsoft.Cpp\v4.0\Microsoft.CppBuild.targets" 파일에 있는 "MakeDirsForCl" 대상("_ClCompile" 대상이 종속됨):
       "MakeDir" 작업
       "MakeDir" 작업을 실행했습니다.
     1>"address_manager.vcxproj" 프로젝트에 "MakeDirsForCl" 대상을 빌드했습니다.
       "PrepareForBuild" 대상을 건너뜁니다. 이전에 빌드되었습니다.
       "SetBuildDefaultEnvironmentVariables" 대상을 건너뜁니다. 이전에 빌드되었습니다.
       조건이 잘못되어 "SetUserMacroEnvironmentVariables" 대상을 건너뜁니다. ('@(BuildMacro)' != '')이(가) ('' != '')(으)로 확인되었습니다.
     1>"C:\Users\jhka\Desktop\COVERSE_Automation\sample\C_2010_32\address_manager\address_manager\address_manager.vcxproj" 프로젝트의 "C:\Program Files (x86)\MSBuild\Microsoft.Cpp\v4.0\Microsoft.CppBuild.targets" 파일에 있는 "_SelectedFiles" 대상("SelectClCompile" 대상이 종속됨):
     1>"address_manager.vcxproj" 프로젝트에 "_SelectedFiles" 대상을 빌드했습니다.
       "ComputeMIDLGeneratedCompileInputs" 대상을 건너뜁니다. 이전에 빌드되었습니다.
       "ComputeCLInputPDBName" 대상을 건너뜁니다. 이전에 빌드되었습니다.
       "ComputeReferenceCLInput" 대상을 건너뜁니다. 이전에 빌드되었습니다.
       "_SelectedFiles" 대상을 건너뜁니다. 이전에 빌드되었습니다.
     1>"C:\Users\jhka\Desktop\COVERSE_Automation\sample\C_2010_32\address_manager\address_manager\address_manager.vcxproj" 프로젝트의 "C:\Program Files (x86)\MSBuild\Microsoft.Cpp\v4.0\Microsoft.CppBuild.targets" 파일에 있는 "SelectCustomBuild" 대상("SelectClCompile" 대상이 종속됨):
     1>"address_manager.vcxproj" 프로젝트에 "SelectCustomBuild" 대상을 빌드했습니다.
     1>"C:\Users\jhka\Desktop\COVERSE_Automation\sample\C_2010_32\address_manager\address_manager\address_manager.vcxproj" 프로젝트의 "C:\Program Files (x86)\MSBuild\Microsoft.Cpp\v4.0\Microsoft.CppBuild.targets" 파일에 있는 "SelectClCompile" 대상("ClCompile" 대상이 종속됨):
     1>"address_manager.vcxproj" 프로젝트에 "SelectClCompile" 대상을 빌드했습니다.
       조건이 잘못되어 "GenerateTargetFrameworkMonikerAttribute" 대상을 건너뜁니다. ('$(GenerateTargetFrameworkAttribute)' == 'true')이(가) ('false' == 'true')(으)로 확인되었습니다.
       조건이 잘못되어 "ManagedIncrementalBuildPreProcessDependencyGraph" 대상을 건너뜁니다. ('@(ClCompile)' != '' and '$(EnableManagedIncrementalBuild)' == 'True')이(가) ('manager.c' != '' and 'false' == 'True')(으)로 확인되었습니다.
     1>"C:\Users\jhka\Desktop\COVERSE_Automation\sample\C_2010_32\address_manager\address_manager\address_manager.vcxproj" 프로젝트의 "C:\Program Files (x86)\MSBuild\Microsoft.Cpp\v4.0\Platforms\Win32\Microsoft.Cpp.Win32.Targets" 파일에 있는 "ClCompile" 대상("_ClCompile" 대상이 종속됨):
       "Delete" 작업
       "Delete" 작업을 실행했습니다.
       조건이 잘못되어 "CL" 작업을 건너뜁니다. ('%(ClCompile.PrecompiledHeader)' == 'Create' and '%(ClCompile.ExcludedFromBuild)'!='true')이(가) ('' == 'Create' and ''!='true')(으)로 확인되었습니다.
       "Microsoft.Build.CppTasks.Win32, Version=4.0.0.0, Culture=neutral, PublicKeyToken=b03f5f7f11d50a3a" 어셈블리에서 "CL" 작업을 사용합니다.
       "CL" 작업
         도구로 전달된 환경 변수:
           VS_UNICODE_OUTPUT=1172
         C:\Users\jhka\Desktop\COVER_RT\Cover4\1d\cover-agent\wrapper\CL.exe /c /Zi /nologo /W3 /WX- /O2 /Oi /Oy- /GL /D WIN32 /D NDEBUG /D _CONSOLE /D _UNICODE /D UNICODE /Gm- /EHsc /MD /GS /Gy /fp:precise /Zc:wchar_t /Zc:forScope /Fo"Release\\" /Fd"Release\vc100.pdb" /Gd /TC /analyze- /errorReport:prompt manager.c
         manager.c
         955c314d-9eb2-427d-af9f-010b864c12c2.c
     1>C:\Users\jhka\Desktop\COVERSE_Automation\sample\C_2010_32\address_manager\address_manager\manager.c(87): warning C4996: 'gets': This function or variable may be unsafe. Consider using gets_s instead. To disable deprecation, use _CRT_SECURE_NO_WARNINGS. See online help for details.
                 C:\Program Files (x86)\Microsoft Visual Studio 10.0\VC\include\stdio.h(277) : 'gets' 선언을 참조하십시오.
     1>C:\Users\jhka\Desktop\COVERSE_Automation\sample\C_2010_32\address_manager\address_manager\manager.c(89): warning C4996: 'gets': This function or variable may be unsafe. Consider using gets_s instead. To disable deprecation, use _CRT_SECURE_NO_WARNINGS. See online help for details.
                 C:\Program Files (x86)\Microsoft Visual Studio 10.0\VC\include\stdio.h(277) : 'gets' 선언을 참조하십시오.
     1>C:\Users\jhka\Desktop\COVERSE_Automation\sample\C_2010_32\address_manager\address_manager\manager.c(91): warning C4996: 'gets': This function or variable may be unsafe. Consider using gets_s instead. To disable deprecation, use _CRT_SECURE_NO_WARNINGS. See online help for details.
                 C:\Program Files (x86)\Microsoft Visual Studio 10.0\VC\include\stdio.h(277) : 'gets' 선언을 참조하십시오.
     1>C:\Users\jhka\Desktop\COVERSE_Automation\sample\C_2010_32\address_manager\address_manager\manager.c(93): warning C4996: 'gets': This function or variable may be unsafe. Consider using gets_s instead. To disable deprecation, use _CRT_SECURE_NO_WARNINGS. See online help for details.
                 C:\Program Files (x86)\Microsoft Visual Studio 10.0\VC\include\stdio.h(277) : 'gets' 선언을 참조하십시오.
     1>C:\Users\jhka\Desktop\COVERSE_Automation\sample\C_2010_32\address_manager\address_manager\manager.c(95): warning C4996: 'gets': This function or variable may be unsafe. Consider using gets_s instead. To disable deprecation, use _CRT_SECURE_NO_WARNINGS. See online help for details.
                 C:\Program Files (x86)\Microsoft Visual Studio 10.0\VC\include\stdio.h(277) : 'gets' 선언을 참조하십시오.
     1>C:\Users\jhka\Desktop\COVERSE_Automation\sample\C_2010_32\address_manager\address_manager\manager.c(106): warning C4996: 'gets': This function or variable may be unsafe. Consider using gets_s instead. To disable deprecation, use _CRT_SECURE_NO_WARNINGS. See online help for details.
                 C:\Program Files (x86)\Microsoft Visual Studio 10.0\VC\include\stdio.h(277) : 'gets' 선언을 참조하십시오.
     1>C:\Users\jhka\Desktop\COVERSE_Automation\sample\C_2010_32\address_manager\address_manager\manager.c(146): warning C4996: 'gets': This function or variable may be unsafe. Consider using gets_s instead. To disable deprecation, use _CRT_SECURE_NO_WARNINGS. See online help for details.
                 C:\Program Files (x86)\Microsoft Visual Studio 10.0\VC\include\stdio.h(277) : 'gets' 선언을 참조하십시오.
       "CL" 작업을 실행했습니다.
     1>"address_manager.vcxproj" 프로젝트에 "ClCompile" 대상을 빌드했습니다.
       조건이 잘못되어 "ManagedIncrementalBuildPostProcessDependencyGraph" 대상을 건너뜁니다. ('@(ClCompile)' != '' and '$(EnableManagedIncrementalBuild)' == 'True')이(가) ('manager.c' != '' and 'false' == 'True')(으)로 확인되었습니다.
     1>"C:\Users\jhka\Desktop\COVERSE_Automation\sample\C_2010_32\address_manager\address_manager\address_manager.vcxproj" 프로젝트의 "C:\Program Files (x86)\MSBuild\Microsoft.Cpp\v4.0\Microsoft.CppBuild.targets" 파일에 있는 "AfterClCompile" 대상("_ClCompile" 대상이 종속됨):
     1>"address_manager.vcxproj" 프로젝트에 "AfterClCompile" 대상을 빌드했습니다.
     1>"C:\Users\jhka\Desktop\COVERSE_Automation\sample\C_2010_32\address_manager\address_manager\address_manager.vcxproj" 프로젝트의 "C:\Program Files (x86)\MSBuild\Microsoft.Cpp\v4.0\Microsoft.CppBuild.targets" 파일에 있는 "_ClCompile" 대상("BuildCompile" 대상이 종속됨):
     1>"address_manager.vcxproj" 프로젝트에 "_ClCompile" 대상을 빌드했습니다.
       조건이 잘못되어 "_ResGen" 대상을 건너뜁니다. ('@(EmbeddedResource)'!='')이(가) (''!='')(으)로 확인되었습니다.
     1>"C:\Users\jhka\Desktop\COVERSE_Automation\sample\C_2010_32\address_manager\address_manager\address_manager.vcxproj" 프로젝트의 "C:\Program Files (x86)\MSBuild\Microsoft.Cpp\v4.0\Microsoft.CppBuild.targets" 파일에 있는 "BeforeResourceCompile" 대상("_ResourceCompile" 대상이 종속됨):
     1>"address_manager.vcxproj" 프로젝트에 "BeforeResourceCompile" 대상을 빌드했습니다.
     1>"C:\Users\jhka\Desktop\COVERSE_Automation\sample\C_2010_32\address_manager\address_manager\address_manager.vcxproj" 프로젝트의 "C:\Program Files (x86)\MSBuild\Microsoft.Cpp\v4.0\Microsoft.CppBuild.targets" 파일에 있는 "MakeDirsForResourceCompile" 대상("_ResourceCompile" 대상이 종속됨):
       "MakeDir" 작업
       "MakeDir" 작업을 실행했습니다.
     1>"address_manager.vcxproj" 프로젝트에 "MakeDirsForResourceCompile" 대상을 빌드했습니다.
       조건이 잘못되어 "ResourceCompile" 대상을 건너뜁니다. ('@(ResourceCompile)' != '')이(가) ('' != '')(으)로 확인되었습니다.
     1>"C:\Users\jhka\Desktop\COVERSE_Automation\sample\C_2010_32\address_manager\address_manager\address_manager.vcxproj" 프로젝트의 "C:\Program Files (x86)\MSBuild\Microsoft.Cpp\v4.0\Microsoft.CppBuild.targets" 파일에 있는 "AfterResourceCompile" 대상("_ResourceCompile" 대상이 종속됨):
     1>"address_manager.vcxproj" 프로젝트에 "AfterResourceCompile" 대상을 빌드했습니다.
     1>"C:\Users\jhka\Desktop\COVERSE_Automation\sample\C_2010_32\address_manager\address_manager\address_manager.vcxproj" 프로젝트의 "C:\Program Files (x86)\MSBuild\Microsoft.Cpp\v4.0\Microsoft.CppBuild.targets" 파일에 있는 "_ResourceCompile" 대상("BuildCompile" 대상이 종속됨):
     1>"address_manager.vcxproj" 프로젝트에 "_ResourceCompile" 대상을 빌드했습니다.
       조건이 잘못되어 "_ImpLib" 대상을 건너뜁니다. ('$(ImpLibCompiled)' == 'true')이(가) ('' == 'true')(으)로 확인되었습니다.
       조건이 잘못되어 "_Lib" 대상을 건너뜁니다. ('$(LibCompiled)' == 'true')이(가) ('' == 'true')(으)로 확인되었습니다.
     1>"C:\Users\jhka\Desktop\COVERSE_Automation\sample\C_2010_32\address_manager\address_manager\address_manager.vcxproj" 프로젝트의 "C:\Program Files (x86)\MSBuild\Microsoft.Cpp\v4.0\Microsoft.CppBuild.targets" 파일에 있는 "AfterBuildCompileEvent" 대상("BuildCompile" 대상이 종속됨):
     1>"address_manager.vcxproj" 프로젝트에 "AfterBuildCompileEvent" 대상을 빌드했습니다.
     1>"C:\Users\jhka\Desktop\COVERSE_Automation\sample\C_2010_32\address_manager\address_manager\address_manager.vcxproj" 프로젝트의 "C:\Windows\Microsoft.NET\Framework\v4.0.30319\Microsoft.Common.Targets" 파일에 있는 "BuildCompile" 대상("Build" 대상이 종속됨):
     1>"address_manager.vcxproj" 프로젝트에 "BuildCompile" 대상을 빌드했습니다.
       "AssignProjectConfiguration" 대상을 건너뜁니다. 이전에 빌드되었습니다.
       "_SplitProjectReferencesByFileExistence" 대상을 건너뜁니다. 이전에 빌드되었습니다.
     1>"C:\Users\jhka\Desktop\COVERSE_Automation\sample\C_2010_32\address_manager\address_manager\address_manager.vcxproj" 프로젝트의 "C:\Windows\Microsoft.NET\Framework\v4.0.30319\Microsoft.Common.Targets" 파일에 있는 "BuildLinkTraverse" 대상("BuildLink" 대상이 종속됨):
       조건이 잘못되어 "MSBuild" 작업을 건너뜁니다. ('$(BuildPassReferences)' == 'true' and '@(ProjectReferenceWithConfiguration)' != '' and '@(_MSBuildProjectReferenceExistent)' != ''  and '%(_MSBuildProjectReferenceExistent.BuildReference)' == 'true')이(가) ('' == 'true' and '' != '' and '' != ''  and '' == 'true')(으)로 확인되었습니다.
     1>"address_manager.vcxproj" 프로젝트에 "BuildLinkTraverse" 대상을 빌드했습니다.
       "SetBuildDefaultEnvironmentVariables" 대상을 건너뜁니다. 이전에 빌드되었습니다.
       조건이 잘못되어 "SetUserMacroEnvironmentVariables" 대상을 건너뜁니다. ('@(BuildMacro)' != '')이(가) ('' != '')(으)로 확인되었습니다.
       "PrepareForBuild" 대상을 건너뜁니다. 이전에 빌드되었습니다.
       "ResolveReferences" 대상을 건너뜁니다. 이전에 빌드되었습니다.
     1>"C:\Users\jhka\Desktop\COVERSE_Automation\sample\C_2010_32\address_manager\address_manager\address_manager.vcxproj" 프로젝트의 "C:\Program Files (x86)\MSBuild\Microsoft.Cpp\v4.0\Microsoft.CppBuild.targets" 파일에 있는 "BeforeLink" 대상("_Link" 대상이 종속됨):
     1>"address_manager.vcxproj" 프로젝트에 "BeforeLink" 대상을 빌드했습니다.
     1>"C:\Users\jhka\Desktop\COVERSE_Automation\sample\C_2010_32\address_manager\address_manager\address_manager.vcxproj" 프로젝트의 "C:\Program Files (x86)\MSBuild\Microsoft.Cpp\v4.0\Microsoft.CppBuild.targets" 파일에 있는 "ComputeRCOutputs" 대상("ComputeRCGeneratedLinkInputs" 대상이 종속됨):
     1>"address_manager.vcxproj" 프로젝트에 "ComputeRCOutputs" 대상을 빌드했습니다.
     1>"C:\Users\jhka\Desktop\COVERSE_Automation\sample\C_2010_32\address_manager\address_manager\address_manager.vcxproj" 프로젝트의 "C:\Program Files (x86)\MSBuild\Microsoft.Cpp\v4.0\Microsoft.CppBuild.targets" 파일에 있는 "ComputeRCGeneratedLinkInputs" 대상("_Link" 대상이 종속됨):
     1>"address_manager.vcxproj" 프로젝트에 "ComputeRCGeneratedLinkInputs" 대상을 빌드했습니다.
     1>"C:\Users\jhka\Desktop\COVERSE_Automation\sample\C_2010_32\address_manager\address_manager\address_manager.vcxproj" 프로젝트의 "C:\Program Files (x86)\MSBuild\Microsoft.Cpp\v4.0\Microsoft.CppBuild.targets" 파일에 있는 "ComputeManifestGeneratedLinkerInputs" 대상("_Link" 대상이 종속됨):
     1>"address_manager.vcxproj" 프로젝트에 "ComputeManifestGeneratedLinkerInputs" 대상을 빌드했습니다.
     1>"C:\Users\jhka\Desktop\COVERSE_Automation\sample\C_2010_32\address_manager\address_manager\address_manager.vcxproj" 프로젝트의 "C:\Program Files (x86)\MSBuild\Microsoft.Cpp\v4.0\Microsoft.CppBuild.targets" 파일에 있는 "ComputeCustomBuildOutput" 대상("_Link" 대상이 종속됨):
       "MakeDir" 작업
       "MakeDir" 작업을 실행했습니다.
     1>"address_manager.vcxproj" 프로젝트에 "ComputeCustomBuildOutput" 대상을 빌드했습니다.
       "ComputeMIDLGeneratedCompileInputs" 대상을 건너뜁니다. 이전에 빌드되었습니다.
       "ComputeCLInputPDBName" 대상을 건너뜁니다. 이전에 빌드되었습니다.
       "ComputeReferenceCLInput" 대상을 건너뜁니다. 이전에 빌드되었습니다.
     1>"C:\Users\jhka\Desktop\COVERSE_Automation\sample\C_2010_32\address_manager\address_manager\address_manager.vcxproj" 프로젝트의 "C:\Program Files (x86)\MSBuild\Microsoft.Cpp\v4.0\Microsoft.CppBuild.targets" 파일에 있는 "ComputeCLOutputs" 대상("ComputeCLGeneratedLinkInputs" 대상이 종속됨):
     1>"address_manager.vcxproj" 프로젝트에 "ComputeCLOutputs" 대상을 빌드했습니다.
     1>"C:\Users\jhka\Desktop\COVERSE_Automation\sample\C_2010_32\address_manager\address_manager\address_manager.vcxproj" 프로젝트의 "C:\Program Files (x86)\MSBuild\Microsoft.Cpp\v4.0\Microsoft.CppBuild.targets" 파일에 있는 "ComputeCLGeneratedLinkInputs" 대상("_Link" 대상이 종속됨):
     1>"address_manager.vcxproj" 프로젝트에 "ComputeCLGeneratedLinkInputs" 대상을 빌드했습니다.
     1>"C:\Users\jhka\Desktop\COVERSE_Automation\sample\C_2010_32\address_manager\address_manager\address_manager.vcxproj" 프로젝트의 "C:\Program Files (x86)\MSBuild\Microsoft.Cpp\v4.0\Microsoft.CppBuild.targets" 파일에 있는 "ComputeLinkInputsFromProject" 대상("_Link" 대상이 종속됨):
     1>"address_manager.vcxproj" 프로젝트에 "ComputeLinkInputsFromProject" 대상을 빌드했습니다.
       조건이 잘못되어 "ComputeReferenceLinkInputs" 대상을 건너뜁니다. (@(ProjectReference) != '')이(가) ( != '')(으)로 확인되었습니다.
     1>"C:\Users\jhka\Desktop\COVERSE_Automation\sample\C_2010_32\address_manager\address_manager\address_manager.vcxproj" 프로젝트의 "C:\Program Files (x86)\MSBuild\Microsoft.Cpp\v4.0\Microsoft.CppBuild.targets" 파일에 있는 "ComputeManifestInputsTargets" 대상("_Link" 대상이 종속됨):
     1>"address_manager.vcxproj" 프로젝트에 "ComputeManifestInputsTargets" 대상을 빌드했습니다.
       조건이 잘못되어 "ManifestResourceCompile" 대상을 건너뜁니다. ('$(EmbedManifestBy)' == 'LINK')이(가) ('MT' == 'LINK')(으)로 확인되었습니다.
       조건이 잘못되어 "AssignWinFXEmbeddedResource" 대상을 건너뜁니다. ('@(WinFXEmbeddedResource)' != '')이(가) ('' != '')(으)로 확인되었습니다.
     1>"C:\Users\jhka\Desktop\COVERSE_Automation\sample\C_2010_32\address_manager\address_manager\address_manager.vcxproj" 프로젝트의 "C:\Windows\Microsoft.NET\Framework\v4.0.30319\Microsoft.Common.Targets" 파일에 있는 "AssignTargetPaths" 대상("PrepareResourceNames" 대상이 종속됨):
       "Microsoft.Build.Tasks.v4.0, Version=4.0.0.0, Culture=neutral, PublicKeyToken=b03f5f7f11d50a3a" 어셈블리에서 "AssignTargetPath" 작업을 사용합니다.
       "AssignTargetPath" 작업
       "AssignTargetPath" 작업을 실행했습니다.
       "AssignTargetPath" 작업
       "AssignTargetPath" 작업을 실행했습니다.
       "AssignTargetPath" 작업
       "AssignTargetPath" 작업을 실행했습니다.
       "AssignTargetPath" 작업
       "AssignTargetPath" 작업을 실행했습니다.
       조건이 잘못되어 "AssignTargetPath" 작업을 건너뜁니다. ('@(_DeploymentBaseManifestWithTargetPath)'=='' and '%(None.Extension)'=='.manifest')이(가) (''=='' and ''=='.manifest')(으)로 확인되었습니다.
     1>"address_manager.vcxproj" 프로젝트에 "AssignTargetPaths" 대상을 빌드했습니다.
       "AssignTargetPaths" 대상을 건너뜁니다. 이전에 빌드되었습니다.
     1>"C:\Users\jhka\Desktop\COVERSE_Automation\sample\C_2010_32\address_manager\address_manager\address_manager.vcxproj" 프로젝트의 "C:\Windows\Microsoft.NET\Framework\v4.0.30319\Microsoft.Common.Targets" 파일에 있는 "SplitResourcesByCulture" 대상("PrepareResourceNames" 대상이 종속됨):
       조건이 잘못되어 "Warning" 작업을 건너뜁니다. ('@(ResxWithNoCulture)'!='')이(가) (''!='')(으)로 확인되었습니다.
       조건이 잘못되어 "Warning" 작업을 건너뜁니다. ('@(ResxWithCulture)'!='')이(가) (''!='')(으)로 확인되었습니다.
       조건이 잘못되어 "Warning" 작업을 건너뜁니다. ('@(NonResxWithCulture)'!='')이(가) (''!='')(으)로 확인되었습니다.
       조건이 잘못되어 "Warning" 작업을 건너뜁니다. ('@(NonResxWithNoCulture)'!='')이(가) (''!='')(으)로 확인되었습니다.
       "Microsoft.Build.Tasks.v4.0, Version=4.0.0.0, Culture=neutral, PublicKeyToken=b03f5f7f11d50a3a" 어셈블리에서 "AssignCulture" 작업을 사용합니다.
       "AssignCulture" 작업
       "AssignCulture" 작업을 실행했습니다.
     1>"address_manager.vcxproj" 프로젝트에 "SplitResourcesByCulture" 대상을 빌드했습니다.
       조건이 잘못되어 "CreateManifestResourceNames" 대상을 건너뜁니다. ('@(EmbeddedResource)' != '')이(가) ('' != '')(으)로 확인되었습니다.
     1>"C:\Users\jhka\Desktop\COVERSE_Automation\sample\C_2010_32\address_manager\address_manager\address_manager.vcxproj" 프로젝트의 "C:\Windows\Microsoft.NET\Framework\v4.0.30319\Microsoft.Common.Targets" 파일에 있는 "CreateCustomManifestResourceNames" 대상("PrepareResourceNames" 대상이 종속됨):
     1>"address_manager.vcxproj" 프로젝트에 "CreateCustomManifestResourceNames" 대상을 빌드했습니다.
     1>"C:\Users\jhka\Desktop\COVERSE_Automation\sample\C_2010_32\address_manager\address_manager\address_manager.vcxproj" 프로젝트의 "C:\Windows\Microsoft.NET\Framework\v4.0.30319\Microsoft.Common.Targets" 파일에 있는 "PrepareResourceNames" 대상("_Link" 대상이 종속됨):
     1>"address_manager.vcxproj" 프로젝트에 "PrepareResourceNames" 대상을 빌드했습니다.
     1>"C:\Users\jhka\Desktop\COVERSE_Automation\sample\C_2010_32\address_manager\address_manager\address_manager.vcxproj" 프로젝트의 "C:\Program Files (x86)\MSBuild\Microsoft.Cpp\v4.0\Microsoft.CppBuild.targets" 파일에 있는 "MakeDirsForLink" 대상("_Link" 대상이 종속됨):
       "MakeDir" 작업
       "MakeDir" 작업을 실행했습니다.
     1>"address_manager.vcxproj" 프로젝트에 "MakeDirsForLink" 대상을 빌드했습니다.
     1>"C:\Users\jhka\Desktop\COVERSE_Automation\sample\C_2010_32\address_manager\address_manager\address_manager.vcxproj" 프로젝트의 "C:\Program Files (x86)\MSBuild\Microsoft.Cpp\v4.0\Microsoft.CppBuild.targets" 파일에 있는 "DoLinkOutputFilesMatch" 대상("_Link" 대상이 종속됨):
       조건이 잘못되어 "VCMessage" 작업을 건너뜁니다. ('%(_OutputFileFromLink.FullPath)' != '$([System.IO.Path]::GetFullPath($(TargetPath)))')이(가) ('C:\Users\jhka\Desktop\COVERSE_Automation\sample\C_2010_32\address_manager\Release\address_manager.exe' != 'C:\Users\jhka\Desktop\COVERSE_Automation\sample\C_2010_32\address_manager\Release\address_manager.exe')(으)로 확인되었습니다.
       조건이 잘못되어 "VCMessage" 작업을 건너뜁니다. ('%(_OutputFileFromLink.Extension)' != '$(TargetExt)')이(가) ('.exe' != '.exe')(으)로 확인되었습니다.
       조건이 잘못되어 "VCMessage" 작업을 건너뜁니다. ('%(_OutputFileFromLink.Filename)' != '$(TargetName)')이(가) ('address_manager' != 'address_manager')(으)로 확인되었습니다.
     1>"address_manager.vcxproj" 프로젝트에 "DoLinkOutputFilesMatch" 대상을 빌드했습니다.
     1>"C:\Users\jhka\Desktop\COVERSE_Automation\sample\C_2010_32\address_manager\address_manager\address_manager.vcxproj" 프로젝트의 "C:\Program Files (x86)\MSBuild\Microsoft.Cpp\v4.0\Microsoft.CppCommon.targets" 파일에 있는 "PreLinkEvent" 대상("_Link" 대상이 종속됨):
       조건이 잘못되어 "Message" 작업을 건너뜁니다. ('%(PreLinkEvent.Message)' != '' and '%(PreLinkEvent.Command)' != '')이(가) ('' != '' and '' != '')(으)로 확인되었습니다.
       조건이 잘못되어 "Exec" 작업을 건너뜁니다. ('%(PreLinkEvent.Command)' != '')이(가) ('' != '')(으)로 확인되었습니다.
     1>"address_manager.vcxproj" 프로젝트에 "PreLinkEvent" 대상을 빌드했습니다.
     1>"C:\Users\jhka\Desktop\COVERSE_Automation\sample\C_2010_32\address_manager\address_manager\address_manager.vcxproj" 프로젝트의 "C:\Program Files (x86)\MSBuild\Microsoft.Cpp\v4.0\Platforms\Win32\Microsoft.Cpp.Win32.Targets" 파일에 있는 "Link" 대상("_Link" 대상이 종속됨):
       "Microsoft.Build.CppTasks.Win32, Version=4.0.0.0, Culture=neutral, PublicKeyToken=b03f5f7f11d50a3a" 어셈블리에서 "Link" 작업을 사용합니다.
       "Link" 작업
         도구로 전달된 환경 변수:
           VS_UNICODE_OUTPUT=1620
         C:\Users\jhka\Desktop\COVER_RT\Cover4\1d\cover-agent\wrapper\link.exe /ERRORREPORT:PROMPT /OUT:"C:\Users\jhka\Desktop\COVERSE_Automation\sample\C_2010_32\address_manager\Release\address_manager.exe" /INCREMENTAL:NO /NOLOGO kernel32.lib user32.lib gdi32.lib winspool.lib comdlg32.lib advapi32.lib shell32.lib ole32.lib oleaut32.lib uuid.lib odbc32.lib odbccp32.lib /MANIFEST /ManifestFile:"Release\address_manager.exe.intermediate.manifest" /MANIFESTUAC:"level='asInvoker' uiAccess='false'" /DEBUG /PDB:"C:\Users\jhka\Desktop\COVERSE_Automation\sample\C_2010_32\address_manager\Release\address_manager.pdb" /SUBSYSTEM:CONSOLE /OPT:REF /OPT:ICF /LTCG /TLBID:1 /DYNAMICBASE /NXCOMPAT /IMPLIB:"C:\Users\jhka\Desktop\COVERSE_Automation\sample\C_2010_32\address_manager\Release\address_manager.lib" /MACHINE:X86 Release\manager.obj
         coverage linking: C:\Users\jhka\Desktop\COVERSE_Automation\sample\C_2010_32\address_manager\Release\address_manager.exe
         cstm_bfbe3894.cpp
         코드를 생성하고 있습니다.
         코드를 생성했습니다.
     1>libcstmcl_md.lib(libcstm.obj) : warning LNK4099: 'vc100.pdb' PDB를 'libcstmcl_md.lib(libcstm.obj)' 또는 'C:\Users\jhka\Desktop\COVERSE_Automation\sample\C_2010_32\address_manager\Release\vc100.pdb'에서 찾을 수 없습니다. 디버그 정보가 없는 것처럼 개체를 링크합니다.
       "Link" 작업을 실행했습니다.
       "Message" 작업
         address_manager.vcxproj -> C:\Users\jhka\Desktop\COVERSE_Automation\sample\C_2010_32\address_manager\Release\address_manager.exe
       "Message" 작업을 실행했습니다.
     1>"address_manager.vcxproj" 프로젝트에 "Link" 대상을 빌드했습니다.
     1>"C:\Users\jhka\Desktop\COVERSE_Automation\sample\C_2010_32\address_manager\address_manager\address_manager.vcxproj" 프로젝트의 "C:\Program Files (x86)\MSBuild\Microsoft.Cpp\v4.0\Microsoft.CppBuild.targets" 파일에 있는 "_DetermineManagedStateForLink" 대상("_Link" 대상이 종속됨):
     1>"address_manager.vcxproj" 프로젝트에 "_DetermineManagedStateForLink" 대상을 빌드했습니다.
       조건이 잘못되어 "MetaGenInputsOutputs" 대상을 건너뜁니다. ('$(EnableManagedIncrementalBuild)' == 'True')이(가) ('false' == 'True')(으)로 확인되었습니다.
       조건이 잘못되어 "ComputeMetaGenInputs" 대상을 건너뜁니다. ('$(CLRSupport)'!='' and '$(CLRSupport)'!='false')이(가) ('false'!='' and 'false'!='false')(으)로 확인되었습니다.
       조건이 잘못되어 "MetaGen" 대상을 건너뜁니다. ('@(MetaGen)' != '')이(가) ('' != '')(으)로 확인되었습니다.
     1>"C:\Users\jhka\Desktop\COVERSE_Automation\sample\C_2010_32\address_manager\address_manager\address_manager.vcxproj" 프로젝트의 "C:\Program Files (x86)\MSBuild\Microsoft.Cpp\v4.0\Microsoft.CppBuild.targets" 파일에 있는 "ComputeLinkImportLibraryOutputsForClean" 대상("_Link" 대상이 종속됨):
       조건이 잘못되어 "WriteLinesToFile" 작업을 건너뜁니다. ('@(_LinkImportLibrary)' != '')이(가) ('' != '')(으)로 확인되었습니다.
     1>"address_manager.vcxproj" 프로젝트에 "ComputeLinkImportLibraryOutputsForClean" 대상을 빌드했습니다.
     1>"C:\Users\jhka\Desktop\COVERSE_Automation\sample\C_2010_32\address_manager\address_manager\address_manager.vcxproj" 프로젝트의 "C:\Program Files (x86)\MSBuild\Microsoft.Cpp\v4.0\Microsoft.CppBuild.targets" 파일에 있는 "AfterLink" 대상("_Link" 대상이 종속됨):
     1>"address_manager.vcxproj" 프로젝트에 "AfterLink" 대상을 빌드했습니다.
     1>"C:\Users\jhka\Desktop\COVERSE_Automation\sample\C_2010_32\address_manager\address_manager\address_manager.vcxproj" 프로젝트의 "C:\Program Files (x86)\MSBuild\Microsoft.Cpp\v4.0\Microsoft.CppBuild.targets" 파일에 있는 "_Link" 대상("BuildLink" 대상이 종속됨):
     1>"address_manager.vcxproj" 프로젝트에 "_Link" 대상을 빌드했습니다.
     1>"C:\Users\jhka\Desktop\COVERSE_Automation\sample\C_2010_32\address_manager\address_manager\address_manager.vcxproj" 프로젝트의 "C:\Program Files (x86)\MSBuild\Microsoft.Cpp\v4.0\Microsoft.CppBuild.targets" 파일에 있는 "_ALink" 대상("BuildLink" 대상이 종속됨):
     1>"address_manager.vcxproj" 프로젝트에 "_ALink" 대상을 빌드했습니다.
       "ComputeManifestInputsTargets" 대상을 건너뜁니다. 이전에 빌드되었습니다.
     1>"C:\Users\jhka\Desktop\COVERSE_Automation\sample\C_2010_32\address_manager\address_manager\address_manager.vcxproj" 프로젝트의 "C:\Program Files (x86)\MSBuild\Microsoft.Cpp\v4.0\Microsoft.CppCommon.targets" 파일에 있는 "MakeDirsForManifest" 대상("Manifest" 대상이 종속됨):
       "MakeDir" 작업
       "MakeDir" 작업을 실행했습니다.
     1>"address_manager.vcxproj" 프로젝트에 "MakeDirsForManifest" 대상을 빌드했습니다.
     1>"C:\Users\jhka\Desktop\COVERSE_Automation\sample\C_2010_32\address_manager\address_manager\address_manager.vcxproj" 프로젝트의 "C:\Program Files (x86)\MSBuild\Microsoft.Cpp\v4.0\Microsoft.CppCommon.targets" 파일에 있는 "Manifest" 대상("_Manifest" 대상이 종속됨):
       조건이 잘못되어 "Delete" 작업을 건너뜁니다. (('$(BuildType)' != 'Build' or '$(ForceRebuild)' == 'true') and '$(EmbedManifestby)'=='LINK')이(가) (('Rebuild' != 'Build' or '' == 'true') and 'MT'=='LINK')(으)로 확인되었습니다.
       "Microsoft.Build.CppTasks.Common, Version=4.0.0.0, Culture=neutral, PublicKeyToken=b03f5f7f11d50a3a" 어셈블리에서 "Mt" 작업을 사용합니다.
       "Mt" 작업
         C:\Program Files (x86)\Microsoft SDKs\Windows\v7.0A\bin\mt.exe /nologo /verbose /outputresource:"C:\Users\jhka\Desktop\COVERSE_Automation\sample\C_2010_32\address_manager\Release\address_manager.exe;#1" /manifest Release\address_manager.exe.intermediate.manifest
       "Mt" 작업을 실행했습니다.
       조건이 잘못되어 "RC" 작업을 건너뜁니다. ('$(EmbedManifestby)'=='LINK')이(가) ('MT'=='LINK')(으)로 확인되었습니다.
     1>"address_manager.vcxproj" 프로젝트에 "Manifest" 대상을 빌드했습니다.
       "ComputeManifestGeneratedLinkerInputs" 대상을 건너뜁니다. 이전에 빌드되었습니다.
     1>"C:\Users\jhka\Desktop\COVERSE_Automation\sample\C_2010_32\address_manager\address_manager\address_manager.vcxproj" 프로젝트의 "C:\Program Files (x86)\MSBuild\Microsoft.Cpp\v4.0\Microsoft.CppBuild.targets" 파일에 있는 "_Manifest" 대상("BuildLink" 대상이 종속됨):
     1>"address_manager.vcxproj" 프로젝트에 "_Manifest" 대상을 빌드했습니다.
     1>"C:\Users\jhka\Desktop\COVERSE_Automation\sample\C_2010_32\address_manager\address_manager\address_manager.vcxproj" 프로젝트의 "C:\Program Files (x86)\MSBuild\Microsoft.Cpp\v4.0\Microsoft.CppCommon.targets" 파일에 있는 "RegisterOutput" 대상("BuildLink" 대상이 종속됨):
       조건이 잘못되어 "Exec" 작업을 건너뜁니다. ('$(ConfigurationType)'=='DynamicLibrary' and '%(Link.RegisterOutput)'=='true' and '%(Link.PerUserRedirection)'!='true')이(가) ('Application'=='DynamicLibrary' and 'false'=='true' and 'false'!='true')(으)로 확인되었습니다.
       조건이 잘못되어 "Exec" 작업을 건너뜁니다. ('$(ConfigurationType)'=='DynamicLibrary' and '%(Link.RegisterOutput)'=='true' and '%(Link.PerUserRedirection)'=='true')이(가) ('Application'=='DynamicLibrary' and 'false'=='true' and 'false'=='true')(으)로 확인되었습니다.
       조건이 잘못되어 "Exec" 작업을 건너뜁니다. ('$(ConfigurationType)'=='Application' and '%(Link.RegisterOutput)'=='true' and '%(Link.PerUserRedirection)'!='true')이(가) ('Application'=='Application' and 'false'=='true' and 'false'!='true')(으)로 확인되었습니다.
       조건이 잘못되어 "Exec" 작업을 건너뜁니다. ('$(ConfigurationType)'=='Application' and '%(Link.RegisterOutput)'=='true' and '%(Link.PerUserRedirection)'=='true')이(가) ('Application'=='Application' and 'false'=='true' and 'false'=='true')(으)로 확인되었습니다.
       조건이 잘못되어 "VCMessage" 작업을 건너뜁니다. ('$(_RegisterOutputExitCode)' != '' and '$(_RegisterOutputExitCode)' != '0')이(가) ('' != '' and '' != '0')(으)로 확인되었습니다.
     1>"address_manager.vcxproj" 프로젝트에 "RegisterOutput" 대상을 빌드했습니다.
     1>"C:\Users\jhka\Desktop\COVERSE_Automation\sample\C_2010_32\address_manager\address_manager\address_manager.vcxproj" 프로젝트의 "C:\Program Files (x86)\MSBuild\Microsoft.Cpp\v4.0\Microsoft.CppBuild.targets" 파일에 있는 "ComputeCLCompileGeneratedXDCFiles" 대상("_XdcMake" 대상이 종속됨):
     1>"address_manager.vcxproj" 프로젝트에 "ComputeCLCompileGeneratedXDCFiles" 대상을 빌드했습니다.
       "SetBuildDefaultEnvironmentVariables" 대상을 건너뜁니다. 이전에 빌드되었습니다.
       조건이 잘못되어 "SetUserMacroEnvironmentVariables" 대상을 건너뜁니다. ('@(BuildMacro)' != '')이(가) ('' != '')(으)로 확인되었습니다.
       "PrepareForBuild" 대상을 건너뜁니다. 이전에 빌드되었습니다.
       "ResolveReferences" 대상을 건너뜁니다. 이전에 빌드되었습니다.
     1>"C:\Users\jhka\Desktop\COVERSE_Automation\sample\C_2010_32\address_manager\address_manager\address_manager.vcxproj" 프로젝트의 "C:\Program Files (x86)\MSBuild\Microsoft.Cpp\v4.0\Microsoft.CppBuild.targets" 파일에 있는 "ResolvedXDCMake" 대상("_XdcMake" 대상이 종속됨):
       조건이 잘못되어 "MSBuild" 작업을 건너뜁니다. ('%(_MSBuildProjectReferenceExistent.Extension)' == '.vcxproj' and '@(ProjectReferenceWithConfiguration)' != '' and '@(_MSBuildProjectReferenceExistent)' != '' and '$(_ClCompileGenerateXMLDocumentationFiles)' == 'true')이(가) ('' == '.vcxproj' and '' != '' and '' != '' and '' == 'true')(으)로 확인되었습니다.
     1>"address_manager.vcxproj" 프로젝트에 "ResolvedXDCMake" 대상을 빌드했습니다.
     1>"C:\Users\jhka\Desktop\COVERSE_Automation\sample\C_2010_32\address_manager\address_manager\address_manager.vcxproj" 프로젝트의 "C:\Program Files (x86)\MSBuild\Microsoft.Cpp\v4.0\Microsoft.CppBuild.targets" 파일에 있는 "MakeDirsForXdcMake" 대상("_XdcMake" 대상이 종속됨):
       "MakeDir" 작업
       "MakeDir" 작업을 실행했습니다.
     1>"address_manager.vcxproj" 프로젝트에 "MakeDirsForXdcMake" 대상을 빌드했습니다.
       조건이 잘못되어 "XdcMake" 대상을 건너뜁니다. ('@(XdcMake)' != '')이(가) ('' != '')(으)로 확인되었습니다.
     1>"C:\Users\jhka\Desktop\COVERSE_Automation\sample\C_2010_32\address_manager\address_manager\address_manager.vcxproj" 프로젝트의 "C:\Program Files (x86)\MSBuild\Microsoft.Cpp\v4.0\Microsoft.CppBuild.targets" 파일에 있는 "_XdcMake" 대상("BuildLink" 대상이 종속됨):
     1>"address_manager.vcxproj" 프로젝트에 "_XdcMake" 대상을 빌드했습니다.
     1>"C:\Users\jhka\Desktop\COVERSE_Automation\sample\C_2010_32\address_manager\address_manager\address_manager.vcxproj" 프로젝트의 "C:\Program Files (x86)\MSBuild\Microsoft.Cpp\v4.0\Microsoft.CppBuild.targets" 파일에 있는 "ComputeCLCompileGeneratedSbrFiles" 대상("_BscMake" 대상이 종속됨):
     1>"address_manager.vcxproj" 프로젝트에 "ComputeCLCompileGeneratedSbrFiles" 대상을 빌드했습니다.
     1>"C:\Users\jhka\Desktop\COVERSE_Automation\sample\C_2010_32\address_manager\address_manager\address_manager.vcxproj" 프로젝트의 "C:\Program Files (x86)\MSBuild\Microsoft.Cpp\v4.0\Microsoft.CppBuild.targets" 파일에 있는 "MakeDirsForBscMake" 대상("_BscMake" 대상이 종속됨):
       "MakeDir" 작업
       "MakeDir" 작업을 실행했습니다.
     1>"address_manager.vcxproj" 프로젝트에 "MakeDirsForBscMake" 대상을 빌드했습니다.
       조건이 잘못되어 "BscMake" 대상을 건너뜁니다. ('@(BscMake)' != '')이(가) ('' != '')(으)로 확인되었습니다.
       조건이 잘못되어 "CustomBuildStep" 대상을 건너뜁니다. ('@(CustomBuildStep)' != '' and '$(SelectedFiles)'=='')이(가) ('' != '' and ''=='')(으)로 확인되었습니다.
     1>"C:\Users\jhka\Desktop\COVERSE_Automation\sample\C_2010_32\address_manager\address_manager\address_manager.vcxproj" 프로젝트의 "C:\Program Files (x86)\MSBuild\Microsoft.Cpp\v4.0\Microsoft.CppBuild.targets" 파일에 있는 "_BscMake" 대상("BuildLink" 대상이 종속됨):
     1>"address_manager.vcxproj" 프로젝트에 "_BscMake" 대상을 빌드했습니다.
     1>"C:\Users\jhka\Desktop\COVERSE_Automation\sample\C_2010_32\address_manager\address_manager\address_manager.vcxproj" 프로젝트의 "C:\Windows\Microsoft.NET\Framework\v4.0.30319\Microsoft.Common.Targets" 파일에 있는 "_GenerateSatelliteAssemblyInputs" 대상("CreateSatelliteAssemblies" 대상이 종속됨):
       조건이 잘못되어 "Warning" 작업을 건너뜁니다. ('@(ManifestResourceWithCulture)'!='' and '%(ManifestResourceWithCulture.EmittedForCompatibilityOnly)'=='')이(가) (''!='' and ''=='')(으)로 확인되었습니다.
       조건이 잘못되어 "Warning" 작업을 건너뜁니다. ('@(ManifestNonResxWithCultureOnDisk)'!='' and '%(ManifestNonResxWithCultureOnDisk.EmittedForCompatibilityOnly)'=='')이(가) (''!='' and ''=='')(으)로 확인되었습니다.
     1>"address_manager.vcxproj" 프로젝트에 "_GenerateSatelliteAssemblyInputs" 대상을 빌드했습니다.
       조건이 잘못되어 "ComputeIntermediateSatelliteAssemblies" 대상을 건너뜁니다. (@(ReferenceSatellitePaths->'%(DestinationSubDirectory)') != '')이(가) ( != '')(으)로 확인되었습니다.
       조건이 잘못되어 "GenerateSatelliteAssemblies" 대상을 건너뜁니다. ('@(_SatelliteAssemblyResourceInputs)' != '')이(가) ('' != '')(으)로 확인되었습니다.
     1>"C:\Users\jhka\Desktop\COVERSE_Automation\sample\C_2010_32\address_manager\address_manager\address_manager.vcxproj" 프로젝트의 "C:\Windows\Microsoft.NET\Framework\v4.0.30319\Microsoft.Common.Targets" 파일에 있는 "CreateSatelliteAssemblies" 대상("BuildLink" 대상이 종속됨):
     1>"address_manager.vcxproj" 프로젝트에 "CreateSatelliteAssemblies" 대상을 빌드했습니다.
     1>"C:\Users\jhka\Desktop\COVERSE_Automation\sample\C_2010_32\address_manager\address_manager\address_manager.vcxproj" 프로젝트의 "C:\Program Files (x86)\MSBuild\Microsoft.Cpp\v4.0\Microsoft.CppBuild.targets" 파일에 있는 "_Appverifier" 대상("BuildLink" 대상이 종속됨):
     1>"address_manager.vcxproj" 프로젝트에 "_Appverifier" 대상을 빌드했습니다.
     1>"C:\Users\jhka\Desktop\COVERSE_Automation\sample\C_2010_32\address_manager\address_manager\address_manager.vcxproj" 프로젝트의 "C:\Program Files (x86)\MSBuild\Microsoft.Cpp\v4.0\Microsoft.CppBuild.targets" 파일에 있는 "_Deploy" 대상("BuildLink" 대상이 종속됨):
     1>"address_manager.vcxproj" 프로젝트에 "_Deploy" 대상을 빌드했습니다.
       조건이 잘못되어 "ComputeIntermediateSatelliteAssemblies" 대상을 건너뜁니다. (@(ReferenceSatellitePaths->'%(DestinationSubDirectory)') != '')이(가) ( != '')(으)로 확인되었습니다.
       조건이 잘못되어 "_CopyFilesMarkedCopyLocal" 대상을 건너뜁니다. ('@(ReferenceCopyLocalPaths)' != '')이(가) ('' != '')(으)로 확인되었습니다.
       "AssignTargetPaths" 대상을 건너뜁니다. 이전에 빌드되었습니다.
       "_SplitProjectReferencesByFileExistence" 대상을 건너뜁니다. 이전에 빌드되었습니다.
     1>"C:\Users\jhka\Desktop\COVERSE_Automation\sample\C_2010_32\address_manager\address_manager\address_manager.vcxproj" 프로젝트의 "C:\Windows\Microsoft.NET\Framework\v4.0.30319\Microsoft.Xaml.targets" 파일에 있는 "GetCopyToOutputDirectoryXamlAppDefs" 대상("GetCopyToOutputDirectoryItems" 대상이 종속됨):
       "AssignTargetPath" 작업
       "AssignTargetPath" 작업을 실행했습니다.
     1>"address_manager.vcxproj" 프로젝트에 "GetCopyToOutputDirectoryXamlAppDefs" 대상을 빌드했습니다.
     1>"C:\Users\jhka\Desktop\COVERSE_Automation\sample\C_2010_32\address_manager\address_manager\address_manager.vcxproj" 프로젝트의 "C:\Windows\Microsoft.NET\Framework\v4.0.30319\Microsoft.Common.Targets" 파일에 있는 "GetCopyToOutputDirectoryItems" 대상("_CopySourceItemsToOutputDirectory" 대상이 종속됨):
       조건이 잘못되어 "MSBuild" 작업을 건너뜁니다. ('@(_MSBuildProjectReferenceExistent)' != '' and '$(_GetChildProjectCopyToOutputDirectoryItems)' == 'true' and '%(_MSBuildProjectReferenceExistent.Private)' != 'false' and '$(UseCommonOutputDirectory)' != 'true')이(가) ('' != '' and 'true' == 'true' and '' != 'false' and 'false' != 'true')(으)로 확인되었습니다.
       "AssignTargetPath" 작업
       "AssignTargetPath" 작업을 실행했습니다.
     1>"address_manager.vcxproj" 프로젝트에 "GetCopyToOutputDirectoryItems" 대상을 빌드했습니다.
       조건이 잘못되어 "_CopyOutOfDateSourceItemsToOutputDirectory" 대상을 건너뜁니다. ( '@(_SourceItemsToCopyToOutputDirectory)' != '' )이(가) ( '' != '' )(으)로 확인되었습니다.
       조건이 잘못되어 "_CopyOutOfDateSourceItemsToOutputDirectoryAlways" 대상을 건너뜁니다. ( '@(_SourceItemsToCopyToOutputDirectoryAlways)' != '' )이(가) ( '' != '' )(으)로 확인되었습니다.
     1>"C:\Users\jhka\Desktop\COVERSE_Automation\sample\C_2010_32\address_manager\address_manager\address_manager.vcxproj" 프로젝트의 "C:\Windows\Microsoft.NET\Framework\v4.0.30319\Microsoft.Common.Targets" 파일에 있는 "_CopySourceItemsToOutputDirectory" 대상("CopyFilesToOutputDirectory" 대상이 종속됨):
     1>"address_manager.vcxproj" 프로젝트에 "_CopySourceItemsToOutputDirectory" 대상을 빌드했습니다.
       조건이 잘못되어 "_CopyAppConfigFile" 대상을 건너뜁니다. ( '@(AppConfigWithTargetPath)' != '' )이(가) ( '' != '' )(으)로 확인되었습니다.
       조건이 잘못되어 "_CopyManifestFiles" 대상을 건너뜁니다. ( '$(_DeploymentCopyApplicationManifest)'=='true' or '$(GenerateClickOnceManifests)'=='true' )이(가) ( ''=='true' or ''=='true' )(으)로 확인되었습니다.
     1>"C:\Users\jhka\Desktop\COVERSE_Automation\sample\C_2010_32\address_manager\address_manager\address_manager.vcxproj" 프로젝트의 "C:\Windows\Microsoft.NET\Framework\v4.0.30319\Microsoft.Common.Targets" 파일에 있는 "_CheckForCompileOutputs" 대상("CopyFilesToOutputDirectory" 대상이 종속됨):
     1>"address_manager.vcxproj" 프로젝트에 "_CheckForCompileOutputs" 대상을 빌드했습니다.
       조건이 잘못되어 "_SGenCheckForOutputs" 대상을 건너뜁니다. ('$(_SGenGenerateSerializationAssembliesConfig)' == 'On' or ('@(WebReferenceUrl)'!='' and '$(_SGenGenerateSerializationAssembliesConfig)' == 'Auto'))이(가) ('Auto' == 'On' or (''!='' and 'Auto' == 'Auto'))(으)로 확인되었습니다.
     1>"C:\Users\jhka\Desktop\COVERSE_Automation\sample\C_2010_32\address_manager\address_manager\address_manager.vcxproj" 프로젝트의 "C:\Windows\Microsoft.NET\Framework\v4.0.30319\Microsoft.Common.Targets" 파일에 있는 "CopyFilesToOutputDirectory" 대상("BuildLink" 대상이 종속됨):
       조건이 잘못되어 "Copy" 작업을 건너뜁니다. ('$(CopyBuildOutputToOutputDirectory)' == 'true' and '$(SkipCopyBuildProduct)' != 'true')이(가) ('true' == 'true' and 'true' != 'true')(으)로 확인되었습니다.
       조건이 잘못되어 "Message" 작업을 건너뜁니다. ('$(CopyBuildOutputToOutputDirectory)' == 'true' and '$(SkipCopyBuildProduct)'!='true')이(가) ('true' == 'true' and 'true'!='true')(으)로 확인되었습니다.
       조건이 잘못되어 "Copy" 작업을 건너뜁니다. ('@(AddModules)' != '')이(가) ('' != '')(으)로 확인되었습니다.
       조건이 잘못되어 "Copy" 작업을 건너뜁니다. ('$(_SGenDllCreated)'=='true')이(가) ('false'=='true')(으)로 확인되었습니다.
       조건이 잘못되어 "Copy" 작업을 건너뜁니다. ('$(_DebugSymbolsProduced)'=='true' and '$(SkipCopyingSymbolsToOutputDirectory)' != 'true' and '$(CopyOutputSymbolsToOutputDirectory)'=='true')이(가) ('false'=='true' and '' != 'true' and 'true'=='true')(으)로 확인되었습니다.
       조건이 잘못되어 "Copy" 작업을 건너뜁니다. ('$(_DocumentationFileProduced)'=='true')이(가) ('false'=='true')(으)로 확인되었습니다.
       조건이 잘못되어 "Copy" 작업을 건너뜁니다. ('@(IntermediateSatelliteAssembliesWithTargetPath)' != '')이(가) ('' != '')(으)로 확인되었습니다.
       조건이 잘못되어 "Copy" 작업을 건너뜁니다. ('@(ReferenceComWrappersToCopyLocal)' != '' or '@(ResolvedIsolatedComModules)' != '' or '@(_DeploymentLooseManifestFile)' != '' or '@(NativeReferenceFile)' != '' )이(가) ('' != '' or '' != '' or '' != '' or '' != '' )(으)로 확인되었습니다.
       조건이 잘못되어 "Copy" 작업을 건너뜁니다. ('$(SkipCopyWinMDArtifact)' != 'true' and '@(WinMDExpArtifacts)' != '')이(가) ('' != 'true' and '' != '')(으)로 확인되었습니다.
       조건이 잘못되어 "Message" 작업을 건너뜁니다. ('$(SkipCopyWinMDArtifact)' != 'true' and '$(_WindowsMetadataOutputPath)' != '')이(가) ('' != 'true' and '' != '')(으)로 확인되었습니다.
     1>"address_manager.vcxproj" 프로젝트에 "CopyFilesToOutputDirectory" 대상을 빌드했습니다.
       조건이 잘못되어 "CustomBuildStep" 대상을 건너뜁니다. ('@(CustomBuildStep)' != '' and '$(SelectedFiles)'=='')이(가) ('' != '' and ''=='')(으)로 확인되었습니다.
     1>"C:\Users\jhka\Desktop\COVERSE_Automation\sample\C_2010_32\address_manager\address_manager\address_manager.vcxproj" 프로젝트의 "C:\Program Files (x86)\MSBuild\Microsoft.Cpp\v4.0\Microsoft.CppCommon.targets" 파일에 있는 "PostBuildEvent" 대상("BuildLink" 대상이 종속됨):
       조건이 잘못되어 "Message" 작업을 건너뜁니다. ('%(PostBuildEvent.Message)' != '' and '%(PostBuildEvent.Command)' != '')이(가) ('' != '' and '' != '')(으)로 확인되었습니다.
       조건이 잘못되어 "Exec" 작업을 건너뜁니다. ('%(PostBuildEvent.Command)' != '')이(가) ('' != '')(으)로 확인되었습니다.
     1>"address_manager.vcxproj" 프로젝트에 "PostBuildEvent" 대상을 빌드했습니다.
     1>"C:\Users\jhka\Desktop\COVERSE_Automation\sample\C_2010_32\address_manager\address_manager\address_manager.vcxproj" 프로젝트의 "C:\Windows\Microsoft.NET\Framework\v4.0.30319\Microsoft.Common.Targets" 파일에 있는 "BuildLink" 대상("Build" 대상이 종속됨):
     1>"address_manager.vcxproj" 프로젝트에 "BuildLink" 대상을 빌드했습니다.
     1>"C:\Users\jhka\Desktop\COVERSE_Automation\sample\C_2010_32\address_manager\address_manager\address_manager.vcxproj" 프로젝트의 "C:\Program Files (x86)\MSBuild\Microsoft.Cpp\v4.0\Microsoft.BuildSteps.Targets" 파일에 있는 "AfterBuild" 대상("Build" 대상이 종속됨):
     1>"address_manager.vcxproj" 프로젝트에 "AfterBuild" 대상을 빌드했습니다.
     1>"C:\Users\jhka\Desktop\COVERSE_Automation\sample\C_2010_32\address_manager\address_manager\address_manager.vcxproj" 프로젝트의 "C:\Program Files (x86)\MSBuild\Microsoft.Cpp\v4.0\Microsoft.CppBuild.targets" 파일에 있는 "FinalizeBuildStatus" 대상("Build" 대상이 종속됨):
       "Delete" 작업
         "Release\address_manager.unsuccessfulbuild" 파일을 삭제하고 있습니다.
       "Delete" 작업을 실행했습니다.
       "Touch" 작업
         "Release\address_manager.lastbuildstate"에 연결(touching)하고 있습니다.
       "Touch" 작업을 실행했습니다.
     1>"address_manager.vcxproj" 프로젝트에 "FinalizeBuildStatus" 대상을 빌드했습니다.
     1>"C:\Users\jhka\Desktop\COVERSE_Automation\sample\C_2010_32\address_manager\address_manager\address_manager.vcxproj" 프로젝트의 "C:\Program Files (x86)\MSBuild\Microsoft.Cpp\v4.0\Microsoft.BuildSteps.Targets" 파일에 있는 "Build" 대상("Rebuild" 대상이 종속됨):
     1>"address_manager.vcxproj" 프로젝트에 "Build" 대상을 빌드했습니다.
     1>"C:\Users\jhka\Desktop\COVERSE_Automation\sample\C_2010_32\address_manager\address_manager\address_manager.vcxproj" 프로젝트의 "C:\Windows\Microsoft.NET\Framework\v4.0.30319\Microsoft.Common.Targets" 파일에 있는 "AfterRebuild" 대상("Rebuild" 대상이 종속됨):
     1>"address_manager.vcxproj" 프로젝트에 "AfterRebuild" 대상을 빌드했습니다.
     1>"C:\Users\jhka\Desktop\COVERSE_Automation\sample\C_2010_32\address_manager\address_manager\address_manager.vcxproj" 프로젝트의 "C:\Program Files (x86)\MSBuild\Microsoft.Cpp\v4.0\Microsoft.BuildSteps.Targets" 파일에 있는 "Rebuild" 대상(진입점):
     1>"address_manager.vcxproj" 프로젝트에 "Rebuild" 대상을 빌드했습니다.
     1>"C:\Users\jhka\Desktop\COVERSE_Automation\sample\C_2010_32\address_manager\address_manager\address_manager.vcxproj" 프로젝트를 빌드했습니다(rebuild 대상).

빌드했습니다.

경과 시간: 00:00:04.24
